[2016-11-18 22:50:46] myapp.INFO: Matched route "GET_". {"route_parameters":{"_controller":"[object] (Closure: {})","_route":"GET_"},"request_uri":"http://bio-prete.c9users.io/"} []
[2016-11-18 22:50:46] myapp.INFO: Populated the TokenStorage with an anonymous Token. [] []
[2016-11-18 22:50:46] myapp.INFO: > GET / [] []
[2016-11-18 22:50:46] myapp.INFO: < 200 [] []
[2016-11-18 22:51:27] myapp.INFO: Matched route "GET_dashboard". {"route_parameters":{"_controller":"[object] (Closure: {})","_route":"GET_dashboard"},"request_uri":"http://bio-prete.c9users.io/dashboard"} []
[2016-11-18 22:51:27] myapp.INFO: An AuthenticationException was thrown; redirecting to authentication entry point. {"exception":"[object] (Symfony\\Component\\Security\\Core\\Exception\\AuthenticationCredentialsNotFoundException(code: 0): A Token was not found in the TokenStorage. at /home/ubuntu/workspace/vendor/symfony/security/Http/Firewall/AccessListener.php:53)"} []
[2016-11-18 22:51:27] myapp.DEBUG: Calling Authentication entry point. [] []
[2016-11-18 22:51:27] myapp.INFO: < 302 http://bio-prete.c9users.io/user/login [] []
[2016-11-18 22:51:27] myapp.INFO: Matched route "GET_user_login". {"route_parameters":{"_controller":"[object] (Closure: {})","_route":"GET_user_login"},"request_uri":"http://bio-prete.c9users.io/user/login"} []
[2016-11-18 22:51:27] myapp.INFO: Populated the TokenStorage with an anonymous Token. [] []
[2016-11-18 22:51:27] myapp.INFO: > GET /user/login [] []
[2016-11-18 22:51:27] myapp.INFO: < 200 [] []
[2016-11-18 22:51:44] myapp.INFO: Matched route "let_me_in". {"route_parameters":{"_controller":null,"_route":"let_me_in"},"request_uri":"http://bio-prete.c9users.io/let/me/in"} []
[2016-11-18 22:51:44] myapp.INFO: User has been authenticated successfully. {"username":"invitado@visualgenoma.com"} []
[2016-11-18 22:51:44] myapp.INFO: < 302 /dashboard [] []
[2016-11-18 22:51:44] myapp.DEBUG: Stored the security token in the session. {"key":"_security_secure"} []
[2016-11-18 22:51:44] myapp.INFO: Matched route "GET_dashboard". {"route_parameters":{"_controller":"[object] (Closure: {})","_route":"GET_dashboard"},"request_uri":"http://bio-prete.c9users.io/dashboard"} []
[2016-11-18 22:51:44] myapp.DEBUG: Read existing security token from the session. {"key":"_security_secure"} []
[2016-11-18 22:51:44] myapp.DEBUG: User was reloaded from a user provider. {"username":"invitado@visualgenoma.com","provider":"UserProvider"} []
[2016-11-18 22:51:44] myapp.INFO: > GET /dashboard [] []
[2016-11-18 22:51:44] myapp.INFO: < 200 [] []
[2016-11-18 22:51:44] myapp.DEBUG: Stored the security token in the session. {"key":"_security_secure"} []
[2016-11-18 22:51:45] myapp.INFO: Matched route "GET_user_profile_avatar". {"route_parameters":{"_controller":"[object] (Closure: {})","_route":"GET_user_profile_avatar"},"request_uri":"http://bio-prete.c9users.io/user/profile/avatar?t=1479509504"} []
[2016-11-18 22:51:45] myapp.DEBUG: Read existing security token from the session. {"key":"_security_secure"} []
[2016-11-18 22:51:45] myapp.DEBUG: User was reloaded from a user provider. {"username":"invitado@visualgenoma.com","provider":"UserProvider"} []
[2016-11-18 22:51:45] myapp.INFO: > GET /user/profile/avatar?t=1479509504 [] []
[2016-11-18 22:51:45] myapp.INFO: < 200 [] []
[2016-11-18 22:51:45] myapp.DEBUG: Stored the security token in the session. {"key":"_security_secure"} []
[2016-11-18 22:51:56] myapp.INFO: Matched route "GET_variants_clinical". {"route_parameters":{"_controller":"[object] (Closure: {})","_route":"GET_variants_clinical"},"request_uri":"http://bio-prete.c9users.io/variants/clinical"} []
[2016-11-18 22:51:56] myapp.DEBUG: Read existing security token from the session. {"key":"_security_secure"} []
[2016-11-18 22:51:56] myapp.DEBUG: User was reloaded from a user provider. {"username":"invitado@visualgenoma.com","provider":"UserProvider"} []
[2016-11-18 22:51:56] myapp.INFO: > GET /variants/clinical [] []
[2016-11-18 22:51:57] myapp.INFO: < 200 [] []
[2016-11-18 22:51:57] myapp.DEBUG: Stored the security token in the session. {"key":"_security_secure"} []
[2016-11-18 22:51:57] myapp.INFO: Matched route "GET_user_profile_avatar". {"route_parameters":{"_controller":"[object] (Closure: {})","_route":"GET_user_profile_avatar"},"request_uri":"http://bio-prete.c9users.io/user/profile/avatar?t=1479509517"} []
[2016-11-18 22:51:57] myapp.DEBUG: Read existing security token from the session. {"key":"_security_secure"} []
[2016-11-18 22:51:57] myapp.DEBUG: User was reloaded from a user provider. {"username":"invitado@visualgenoma.com","provider":"UserProvider"} []
[2016-11-18 22:51:57] myapp.INFO: > GET /user/profile/avatar?t=1479509517 [] []
[2016-11-18 22:51:57] myapp.INFO: < 200 [] []
[2016-11-18 22:51:57] myapp.DEBUG: Stored the security token in the session. {"key":"_security_secure"} []
[2016-11-18 22:52:52] myapp.INFO: Matched route "GET_variants_clinical_benign". {"route_parameters":{"_controller":"[object] (Closure: {})","_route":"GET_variants_clinical_benign"},"request_uri":"http://bio-prete.c9users.io/variants/clinical/benign"} []
[2016-11-18 22:52:52] myapp.DEBUG: Read existing security token from the session. {"key":"_security_secure"} []
[2016-11-18 22:52:52] myapp.DEBUG: User was reloaded from a user provider. {"username":"invitado@visualgenoma.com","provider":"UserProvider"} []
[2016-11-18 22:52:52] myapp.INFO: > GET /variants/clinical/benign [] []
[2016-11-18 22:52:52] myapp.INFO: < 200 [] []
[2016-11-18 22:52:52] myapp.DEBUG: Stored the security token in the session. {"key":"_security_secure"} []
[2016-11-18 22:52:52] myapp.INFO: Matched route "GET_user_profile_avatar". {"route_parameters":{"_controller":"[object] (Closure: {})","_route":"GET_user_profile_avatar"},"request_uri":"http://bio-prete.c9users.io/user/profile/avatar?t=1479509572"} []
[2016-11-18 22:52:52] myapp.DEBUG: Read existing security token from the session. {"key":"_security_secure"} []
[2016-11-18 22:52:52] myapp.DEBUG: User was reloaded from a user provider. {"username":"invitado@visualgenoma.com","provider":"UserProvider"} []
[2016-11-18 22:52:52] myapp.INFO: > GET /user/profile/avatar?t=1479509572 [] []
[2016-11-18 22:52:52] myapp.INFO: < 200 [] []
[2016-11-18 22:52:52] myapp.DEBUG: Stored the security token in the session. {"key":"_security_secure"} []
[2016-11-18 22:53:06] myapp.INFO: Matched route "GET_variants_clinical_pathogenic". {"route_parameters":{"_controller":"[object] (Closure: {})","_route":"GET_variants_clinical_pathogenic"},"request_uri":"http://bio-prete.c9users.io/variants/clinical/pathogenic"} []
[2016-11-18 22:53:06] myapp.DEBUG: Read existing security token from the session. {"key":"_security_secure"} []
[2016-11-18 22:53:06] myapp.DEBUG: User was reloaded from a user provider. {"username":"invitado@visualgenoma.com","provider":"UserProvider"} []
[2016-11-18 22:53:06] myapp.INFO: > GET /variants/clinical/pathogenic [] []
[2016-11-18 22:53:06] myapp.INFO: < 200 [] []
[2016-11-18 22:53:06] myapp.DEBUG: Stored the security token in the session. {"key":"_security_secure"} []
[2016-11-18 22:53:06] myapp.INFO: Matched route "GET_user_profile_avatar". {"route_parameters":{"_controller":"[object] (Closure: {})","_route":"GET_user_profile_avatar"},"request_uri":"http://bio-prete.c9users.io/user/profile/avatar?t=1479509586"} []
[2016-11-18 22:53:06] myapp.DEBUG: Read existing security token from the session. {"key":"_security_secure"} []
[2016-11-18 22:53:06] myapp.DEBUG: User was reloaded from a user provider. {"username":"invitado@visualgenoma.com","provider":"UserProvider"} []
[2016-11-18 22:53:06] myapp.INFO: > GET /user/profile/avatar?t=1479509586 [] []
[2016-11-18 22:53:06] myapp.INFO: < 200 [] []
[2016-11-18 22:53:06] myapp.DEBUG: Stored the security token in the session. {"key":"_security_secure"} []
[2016-11-18 22:53:08] myapp.ERROR: Symfony\Component\HttpKernel\Exception\NotFoundHttpException: No route found for "GET /favicon.ico" (uncaught exception) at /home/ubuntu/workspace/vendor/symfony/http-kernel/EventListener/RouterListener.php line 176 {"exception":"[object] (Symfony\\Component\\HttpKernel\\Exception\\NotFoundHttpException(code: 0): No route found for \"GET /favicon.ico\" at /home/ubuntu/workspace/vendor/symfony/http-kernel/EventListener/RouterListener.php:176, Symfony\\Component\\Routing\\Exception\\ResourceNotFoundException(code: 0): No routes found for \"/favicon.ico\". at /home/ubuntu/workspace/vendor/symfony/routing/Matcher/UrlMatcher.php:98)"} []
[2016-11-18 22:53:08] myapp.INFO: < 404 [] []
[2016-11-18 22:53:09] myapp.INFO: Matched route "GET_variants_clinical_likely_benign". {"route_parameters":{"_controller":"[object] (Closure: {})","_route":"GET_variants_clinical_likely_benign"},"request_uri":"http://bio-prete.c9users.io/variants/clinical/likely_benign"} []
[2016-11-18 22:53:09] myapp.DEBUG: Read existing security token from the session. {"key":"_security_secure"} []
[2016-11-18 22:53:09] myapp.DEBUG: User was reloaded from a user provider. {"username":"invitado@visualgenoma.com","provider":"UserProvider"} []
[2016-11-18 22:53:09] myapp.INFO: > GET /variants/clinical/likely_benign [] []
[2016-11-18 22:53:09] myapp.INFO: < 200 [] []
[2016-11-18 22:53:09] myapp.DEBUG: Stored the security token in the session. {"key":"_security_secure"} []
[2016-11-18 22:53:09] myapp.INFO: Matched route "GET_user_profile_avatar". {"route_parameters":{"_controller":"[object] (Closure: {})","_route":"GET_user_profile_avatar"},"request_uri":"http://bio-prete.c9users.io/user/profile/avatar?t=1479509589"} []
[2016-11-18 22:53:09] myapp.DEBUG: Read existing security token from the session. {"key":"_security_secure"} []
[2016-11-18 22:53:09] myapp.DEBUG: User was reloaded from a user provider. {"username":"invitado@visualgenoma.com","provider":"UserProvider"} []
[2016-11-18 22:53:09] myapp.INFO: > GET /user/profile/avatar?t=1479509589 [] []
[2016-11-18 22:53:09] myapp.INFO: < 200 [] []
[2016-11-18 22:53:09] myapp.DEBUG: Stored the security token in the session. {"key":"_security_secure"} []
[2016-11-18 22:53:23] myapp.INFO: Matched route "GET_variants_clinical_other". {"route_parameters":{"_controller":"[object] (Closure: {})","_route":"GET_variants_clinical_other"},"request_uri":"http://bio-prete.c9users.io/variants/clinical/other"} []
[2016-11-18 22:53:23] myapp.DEBUG: Read existing security token from the session. {"key":"_security_secure"} []
[2016-11-18 22:53:23] myapp.DEBUG: User was reloaded from a user provider. {"username":"invitado@visualgenoma.com","provider":"UserProvider"} []
[2016-11-18 22:53:23] myapp.INFO: > GET /variants/clinical/other [] []
[2016-11-18 22:53:23] myapp.INFO: < 200 [] []
[2016-11-18 22:53:23] myapp.DEBUG: Stored the security token in the session. {"key":"_security_secure"} []
[2016-11-18 22:53:24] myapp.INFO: Matched route "GET_user_profile_avatar". {"route_parameters":{"_controller":"[object] (Closure: {})","_route":"GET_user_profile_avatar"},"request_uri":"http://bio-prete.c9users.io/user/profile/avatar?t=1479509603"} []
[2016-11-18 22:53:24] myapp.DEBUG: Read existing security token from the session. {"key":"_security_secure"} []
[2016-11-18 22:53:24] myapp.DEBUG: User was reloaded from a user provider. {"username":"invitado@visualgenoma.com","provider":"UserProvider"} []
[2016-11-18 22:53:24] myapp.INFO: > GET /user/profile/avatar?t=1479509603 [] []
[2016-11-18 22:53:24] myapp.INFO: < 200 [] []
[2016-11-18 22:53:24] myapp.DEBUG: Stored the security token in the session. {"key":"_security_secure"} []
[2016-11-18 22:53:37] myapp.INFO: Matched route "GET_variants_clinical_pathogenic". {"route_parameters":{"_controller":"[object] (Closure: {})","_route":"GET_variants_clinical_pathogenic"},"request_uri":"http://bio-prete.c9users.io/variants/clinical/pathogenic"} []
[2016-11-18 22:53:37] myapp.DEBUG: Read existing security token from the session. {"key":"_security_secure"} []
[2016-11-18 22:53:37] myapp.DEBUG: User was reloaded from a user provider. {"username":"invitado@visualgenoma.com","provider":"UserProvider"} []
[2016-11-18 22:53:37] myapp.INFO: > GET /variants/clinical/pathogenic [] []
[2016-11-18 22:53:37] myapp.INFO: < 200 [] []
[2016-11-18 22:53:37] myapp.DEBUG: Stored the security token in the session. {"key":"_security_secure"} []
[2016-11-18 22:53:37] myapp.INFO: Matched route "GET_user_profile_avatar". {"route_parameters":{"_controller":"[object] (Closure: {})","_route":"GET_user_profile_avatar"},"request_uri":"http://bio-prete.c9users.io/user/profile/avatar?t=1479509617"} []
[2016-11-18 22:53:37] myapp.DEBUG: Read existing security token from the session. {"key":"_security_secure"} []
[2016-11-18 22:53:37] myapp.DEBUG: User was reloaded from a user provider. {"username":"invitado@visualgenoma.com","provider":"UserProvider"} []
[2016-11-18 22:53:37] myapp.INFO: > GET /user/profile/avatar?t=1479509617 [] []
[2016-11-18 22:53:37] myapp.INFO: < 200 [] []
[2016-11-18 22:53:37] myapp.DEBUG: Stored the security token in the session. {"key":"_security_secure"} []
[2016-11-18 22:53:49] myapp.INFO: Matched route "GET_variants_clinical_likely_pathogenic". {"route_parameters":{"_controller":"[object] (Closure: {})","_route":"GET_variants_clinical_likely_pathogenic"},"request_uri":"http://bio-prete.c9users.io/variants/clinical/likely_pathogenic"} []
[2016-11-18 22:53:49] myapp.DEBUG: Read existing security token from the session. {"key":"_security_secure"} []
[2016-11-18 22:53:49] myapp.DEBUG: User was reloaded from a user provider. {"username":"invitado@visualgenoma.com","provider":"UserProvider"} []
[2016-11-18 22:53:49] myapp.INFO: > GET /variants/clinical/likely_pathogenic [] []
[2016-11-18 22:53:49] myapp.INFO: < 200 [] []
[2016-11-18 22:53:49] myapp.DEBUG: Stored the security token in the session. {"key":"_security_secure"} []
[2016-11-18 22:53:50] myapp.INFO: Matched route "GET_user_profile_avatar". {"route_parameters":{"_controller":"[object] (Closure: {})","_route":"GET_user_profile_avatar"},"request_uri":"http://bio-prete.c9users.io/user/profile/avatar?t=1479509629"} []
[2016-11-18 22:53:50] myapp.DEBUG: Read existing security token from the session. {"key":"_security_secure"} []
[2016-11-18 22:53:50] myapp.DEBUG: User was reloaded from a user provider. {"username":"invitado@visualgenoma.com","provider":"UserProvider"} []
[2016-11-18 22:53:50] myapp.INFO: > GET /user/profile/avatar?t=1479509629 [] []
[2016-11-18 22:53:50] myapp.INFO: < 200 [] []
[2016-11-18 22:53:50] myapp.DEBUG: Stored the security token in the session. {"key":"_security_secure"} []
[2016-11-18 22:54:04] myapp.INFO: Matched route "GET_variants_clinical_uncertain". {"route_parameters":{"_controller":"[object] (Closure: {})","_route":"GET_variants_clinical_uncertain"},"request_uri":"http://bio-prete.c9users.io/variants/clinical/uncertain"} []
[2016-11-18 22:54:04] myapp.DEBUG: Read existing security token from the session. {"key":"_security_secure"} []
[2016-11-18 22:54:04] myapp.DEBUG: User was reloaded from a user provider. {"username":"invitado@visualgenoma.com","provider":"UserProvider"} []
[2016-11-18 22:54:04] myapp.INFO: > GET /variants/clinical/uncertain [] []
[2016-11-18 22:54:04] myapp.INFO: < 200 [] []
[2016-11-18 22:54:04] myapp.DEBUG: Stored the security token in the session. {"key":"_security_secure"} []
[2016-11-18 22:54:05] myapp.INFO: Matched route "GET_user_profile_avatar". {"route_parameters":{"_controller":"[object] (Closure: {})","_route":"GET_user_profile_avatar"},"request_uri":"http://bio-prete.c9users.io/user/profile/avatar?t=1479509644"} []
[2016-11-18 22:54:05] myapp.DEBUG: Read existing security token from the session. {"key":"_security_secure"} []
[2016-11-18 22:54:05] myapp.DEBUG: User was reloaded from a user provider. {"username":"invitado@visualgenoma.com","provider":"UserProvider"} []
[2016-11-18 22:54:05] myapp.INFO: > GET /user/profile/avatar?t=1479509644 [] []
[2016-11-18 22:54:05] myapp.INFO: < 200 [] []
[2016-11-18 22:54:05] myapp.DEBUG: Stored the security token in the session. {"key":"_security_secure"} []
[2016-11-18 22:54:21] myapp.INFO: Matched route "GET_dashboard". {"route_parameters":{"_controller":"[object] (Closure: {})","_route":"GET_dashboard"},"request_uri":"http://bio-prete.c9users.io/dashboard"} []
[2016-11-18 22:54:21] myapp.DEBUG: Read existing security token from the session. {"key":"_security_secure"} []
[2016-11-18 22:54:21] myapp.DEBUG: User was reloaded from a user provider. {"username":"invitado@visualgenoma.com","provider":"UserProvider"} []
[2016-11-18 22:54:21] myapp.INFO: > GET /dashboard [] []
[2016-11-18 22:54:21] myapp.INFO: < 200 [] []
[2016-11-18 22:54:21] myapp.DEBUG: Stored the security token in the session. {"key":"_security_secure"} []
[2016-11-18 22:54:21] myapp.INFO: Matched route "GET_user_profile_avatar". {"route_parameters":{"_controller":"[object] (Closure: {})","_route":"GET_user_profile_avatar"},"request_uri":"http://bio-prete.c9users.io/user/profile/avatar?t=1479509661"} []
[2016-11-18 22:54:21] myapp.DEBUG: Read existing security token from the session. {"key":"_security_secure"} []
[2016-11-18 22:54:21] myapp.DEBUG: User was reloaded from a user provider. {"username":"invitado@visualgenoma.com","provider":"UserProvider"} []
[2016-11-18 22:54:21] myapp.INFO: > GET /user/profile/avatar?t=1479509661 [] []
[2016-11-18 22:54:21] myapp.INFO: < 200 [] []
[2016-11-18 22:54:21] myapp.DEBUG: Stored the security token in the session. {"key":"_security_secure"} []
[2016-11-18 22:54:23] myapp.INFO: Matched route "GET_intro". {"route_parameters":{"_controller":"[object] (Closure: {})","_route":"GET_intro"},"request_uri":"http://bio-prete.c9users.io/intro"} []
[2016-11-18 22:54:23] myapp.DEBUG: Read existing security token from the session. {"key":"_security_secure"} []
[2016-11-18 22:54:23] myapp.DEBUG: User was reloaded from a user provider. {"username":"invitado@visualgenoma.com","provider":"UserProvider"} []
[2016-11-18 22:54:23] myapp.INFO: > GET /intro [] []
[2016-11-18 22:54:23] myapp.INFO: < 200 [] []
[2016-11-18 22:54:23] myapp.DEBUG: Stored the security token in the session. {"key":"_security_secure"} []
[2016-11-18 22:54:23] myapp.INFO: Matched route "GET_user_profile_avatar". {"route_parameters":{"_controller":"[object] (Closure: {})","_route":"GET_user_profile_avatar"},"request_uri":"http://bio-prete.c9users.io/user/profile/avatar?t=1479509663"} []
[2016-11-18 22:54:23] myapp.DEBUG: Read existing security token from the session. {"key":"_security_secure"} []
[2016-11-18 22:54:23] myapp.DEBUG: User was reloaded from a user provider. {"username":"invitado@visualgenoma.com","provider":"UserProvider"} []
[2016-11-18 22:54:23] myapp.INFO: > GET /user/profile/avatar?t=1479509663 [] []
[2016-11-18 22:54:24] myapp.INFO: < 200 [] []
[2016-11-18 22:54:24] myapp.DEBUG: Stored the security token in the session. {"key":"_security_secure"} []
[2016-11-18 22:54:25] myapp.INFO: Matched route "GET_dashboard". {"route_parameters":{"_controller":"[object] (Closure: {})","_route":"GET_dashboard"},"request_uri":"http://bio-prete.c9users.io/dashboard"} []
[2016-11-18 22:54:25] myapp.DEBUG: Read existing security token from the session. {"key":"_security_secure"} []
[2016-11-18 22:54:25] myapp.DEBUG: User was reloaded from a user provider. {"username":"invitado@visualgenoma.com","provider":"UserProvider"} []
[2016-11-18 22:54:25] myapp.INFO: > GET /dashboard [] []
[2016-11-18 22:54:25] myapp.INFO: < 200 [] []
[2016-11-18 22:54:25] myapp.DEBUG: Stored the security token in the session. {"key":"_security_secure"} []
[2016-11-18 22:54:25] myapp.INFO: Matched route "GET_user_profile_avatar". {"route_parameters":{"_controller":"[object] (Closure: {})","_route":"GET_user_profile_avatar"},"request_uri":"http://bio-prete.c9users.io/user/profile/avatar?t=1479509665"} []
[2016-11-18 22:54:25] myapp.DEBUG: Read existing security token from the session. {"key":"_security_secure"} []
[2016-11-18 22:54:25] myapp.DEBUG: User was reloaded from a user provider. {"username":"invitado@visualgenoma.com","provider":"UserProvider"} []
[2016-11-18 22:54:25] myapp.INFO: > GET /user/profile/avatar?t=1479509665 [] []
[2016-11-18 22:54:25] myapp.INFO: < 200 [] []
[2016-11-18 22:54:25] myapp.DEBUG: Stored the security token in the session. {"key":"_security_secure"} []
[2016-11-18 22:54:27] myapp.INFO: Matched route "GET_anatogram_body". {"route_parameters":{"_controller":"[object] (Closure: {})","_route":"GET_anatogram_body"},"request_uri":"http://bio-prete.c9users.io/anatogram/body"} []
[2016-11-18 22:54:27] myapp.DEBUG: Read existing security token from the session. {"key":"_security_secure"} []
[2016-11-18 22:54:27] myapp.DEBUG: User was reloaded from a user provider. {"username":"invitado@visualgenoma.com","provider":"UserProvider"} []
[2016-11-18 22:54:27] myapp.INFO: > GET /anatogram/body [] []
[2016-11-18 22:54:27] myapp.INFO: < 200 [] []
[2016-11-18 22:54:27] myapp.DEBUG: Stored the security token in the session. {"key":"_security_secure"} []
[2016-11-18 22:54:27] myapp.INFO: Matched route "GET_user_profile_avatar". {"route_parameters":{"_controller":"[object] (Closure: {})","_route":"GET_user_profile_avatar"},"request_uri":"http://bio-prete.c9users.io/user/profile/avatar?t=1479509667"} []
[2016-11-18 22:54:27] myapp.DEBUG: Read existing security token from the session. {"key":"_security_secure"} []
[2016-11-18 22:54:27] myapp.DEBUG: User was reloaded from a user provider. {"username":"invitado@visualgenoma.com","provider":"UserProvider"} []
[2016-11-18 22:54:27] myapp.INFO: > GET /user/profile/avatar?t=1479509667 [] []
[2016-11-18 22:54:27] myapp.INFO: < 200 [] []
[2016-11-18 22:54:27] myapp.DEBUG: Stored the security token in the session. {"key":"_security_secure"} []
[2016-11-18 22:54:28] myapp.INFO: Matched route "GET_gxa_tissues_genes_filter_variants". {"route_parameters":{"_controller":"[object] (Closure: {})","_route":"GET_gxa_tissues_genes_filter_variants"},"request_uri":"http://bio-prete.c9users.io/gxa/tissues/genes/filter/variants"} []
[2016-11-18 22:54:28] myapp.DEBUG: Read existing security token from the session. {"key":"_security_secure"} []
[2016-11-18 22:54:28] myapp.DEBUG: User was reloaded from a user provider. {"username":"invitado@visualgenoma.com","provider":"UserProvider"} []
[2016-11-18 22:54:28] myapp.INFO: > GET /gxa/tissues/genes/filter/variants [] []
[2016-11-18 22:54:28] myapp.INFO: < 200 [] []
[2016-11-18 22:54:28] myapp.DEBUG: Stored the security token in the session. {"key":"_security_secure"} []
[2016-11-18 22:55:20] myapp.INFO: Matched route "GET_anatogram_body". {"route_parameters":{"_controller":"[object] (Closure: {})","_route":"GET_anatogram_body"},"request_uri":"http://bio-prete.c9users.io/anatogram/body"} []
[2016-11-18 22:55:20] myapp.DEBUG: Read existing security token from the session. {"key":"_security_secure"} []
[2016-11-18 22:55:20] myapp.DEBUG: User was reloaded from a user provider. {"username":"invitado@visualgenoma.com","provider":"UserProvider"} []
[2016-11-18 22:55:20] myapp.INFO: > GET /anatogram/body [] []
[2016-11-18 22:55:20] myapp.INFO: < 200 [] []
[2016-11-18 22:55:20] myapp.DEBUG: Stored the security token in the session. {"key":"_security_secure"} []
[2016-11-18 22:55:20] myapp.INFO: Matched route "GET_user_profile_avatar". {"route_parameters":{"_controller":"[object] (Closure: {})","_route":"GET_user_profile_avatar"},"request_uri":"http://bio-prete.c9users.io/user/profile/avatar?t=1479509720"} []
[2016-11-18 22:55:20] myapp.DEBUG: Read existing security token from the session. {"key":"_security_secure"} []
[2016-11-18 22:55:20] myapp.DEBUG: User was reloaded from a user provider. {"username":"invitado@visualgenoma.com","provider":"UserProvider"} []
[2016-11-18 22:55:20] myapp.INFO: > GET /user/profile/avatar?t=1479509720 [] []
[2016-11-18 22:55:20] myapp.INFO: < 200 [] []
[2016-11-18 22:55:20] myapp.DEBUG: Stored the security token in the session. {"key":"_security_secure"} []
[2016-11-18 22:55:20] myapp.INFO: Matched route "GET_gxa_tissues_genes_filter_variants". {"route_parameters":{"_controller":"[object] (Closure: {})","_route":"GET_gxa_tissues_genes_filter_variants"},"request_uri":"http://bio-prete.c9users.io/gxa/tissues/genes/filter/variants"} []
[2016-11-18 22:55:20] myapp.DEBUG: Read existing security token from the session. {"key":"_security_secure"} []
[2016-11-18 22:55:20] myapp.DEBUG: User was reloaded from a user provider. {"username":"invitado@visualgenoma.com","provider":"UserProvider"} []
[2016-11-18 22:55:20] myapp.INFO: > GET /gxa/tissues/genes/filter/variants [] []
[2016-11-18 22:55:20] myapp.INFO: < 200 [] []
[2016-11-18 22:55:20] myapp.DEBUG: Stored the security token in the session. {"key":"_security_secure"} []
[2016-11-18 22:55:28] myapp.INFO: Matched route "GET_anatogram_body". {"route_parameters":{"_controller":"[object] (Closure: {})","_route":"GET_anatogram_body"},"request_uri":"http://bio-prete.c9users.io/anatogram/body"} []
[2016-11-18 22:55:28] myapp.DEBUG: Read existing security token from the session. {"key":"_security_secure"} []
[2016-11-18 22:55:28] myapp.DEBUG: User was reloaded from a user provider. {"username":"invitado@visualgenoma.com","provider":"UserProvider"} []
[2016-11-18 22:55:28] myapp.INFO: > GET /anatogram/body [] []
[2016-11-18 22:55:28] myapp.INFO: < 200 [] []
[2016-11-18 22:55:28] myapp.DEBUG: Stored the security token in the session. {"key":"_security_secure"} []
[2016-11-18 22:55:28] myapp.INFO: Matched route "GET_user_profile_avatar". {"route_parameters":{"_controller":"[object] (Closure: {})","_route":"GET_user_profile_avatar"},"request_uri":"http://bio-prete.c9users.io/user/profile/avatar?t=1479509728"} []
[2016-11-18 22:55:28] myapp.DEBUG: Read existing security token from the session. {"key":"_security_secure"} []
[2016-11-18 22:55:28] myapp.DEBUG: User was reloaded from a user provider. {"username":"invitado@visualgenoma.com","provider":"UserProvider"} []
[2016-11-18 22:55:28] myapp.INFO: > GET /user/profile/avatar?t=1479509728 [] []
[2016-11-18 22:55:28] myapp.INFO: < 200 [] []
[2016-11-18 22:55:28] myapp.DEBUG: Stored the security token in the session. {"key":"_security_secure"} []
[2016-11-18 22:55:29] myapp.INFO: Matched route "GET_gxa_tissues_genes_filter_variants". {"route_parameters":{"_controller":"[object] (Closure: {})","_route":"GET_gxa_tissues_genes_filter_variants"},"request_uri":"http://bio-prete.c9users.io/gxa/tissues/genes/filter/variants"} []
[2016-11-18 22:55:29] myapp.DEBUG: Read existing security token from the session. {"key":"_security_secure"} []
[2016-11-18 22:55:29] myapp.DEBUG: User was reloaded from a user provider. {"username":"invitado@visualgenoma.com","provider":"UserProvider"} []
[2016-11-18 22:55:29] myapp.INFO: > GET /gxa/tissues/genes/filter/variants [] []
[2016-11-18 22:55:29] myapp.INFO: < 200 [] []
[2016-11-18 22:55:29] myapp.DEBUG: Stored the security token in the session. {"key":"_security_secure"} []
[2016-11-18 22:55:32] myapp.INFO: Matched route "GET_variants_clinical". {"route_parameters":{"_controller":"[object] (Closure: {})","_route":"GET_variants_clinical"},"request_uri":"http://bio-prete.c9users.io/variants/clinical"} []
[2016-11-18 22:55:32] myapp.DEBUG: Read existing security token from the session. {"key":"_security_secure"} []
[2016-11-18 22:55:32] myapp.DEBUG: User was reloaded from a user provider. {"username":"invitado@visualgenoma.com","provider":"UserProvider"} []
[2016-11-18 22:55:32] myapp.INFO: > GET /variants/clinical [] []
[2016-11-18 22:55:32] myapp.INFO: < 200 [] []
[2016-11-18 22:55:32] myapp.DEBUG: Stored the security token in the session. {"key":"_security_secure"} []
[2016-11-18 22:55:33] myapp.INFO: Matched route "GET_user_profile_avatar". {"route_parameters":{"_controller":"[object] (Closure: {})","_route":"GET_user_profile_avatar"},"request_uri":"http://bio-prete.c9users.io/user/profile/avatar?t=1479509732"} []
[2016-11-18 22:55:33] myapp.DEBUG: Read existing security token from the session. {"key":"_security_secure"} []
[2016-11-18 22:55:33] myapp.DEBUG: User was reloaded from a user provider. {"username":"invitado@visualgenoma.com","provider":"UserProvider"} []
[2016-11-18 22:55:33] myapp.INFO: > GET /user/profile/avatar?t=1479509732 [] []
[2016-11-18 22:55:33] myapp.INFO: < 200 [] []
[2016-11-18 22:55:33] myapp.DEBUG: Stored the security token in the session. {"key":"_security_secure"} []
[2016-11-18 22:55:35] myapp.INFO: Matched route "GET_dashboard". {"route_parameters":{"_controller":"[object] (Closure: {})","_route":"GET_dashboard"},"request_uri":"http://bio-prete.c9users.io/dashboard"} []
[2016-11-18 22:55:35] myapp.DEBUG: Read existing security token from the session. {"key":"_security_secure"} []
[2016-11-18 22:55:35] myapp.DEBUG: User was reloaded from a user provider. {"username":"invitado@visualgenoma.com","provider":"UserProvider"} []
[2016-11-18 22:55:35] myapp.INFO: > GET /dashboard [] []
[2016-11-18 22:55:35] myapp.INFO: < 200 [] []
[2016-11-18 22:55:35] myapp.DEBUG: Stored the security token in the session. {"key":"_security_secure"} []
[2016-11-18 22:55:35] myapp.INFO: Matched route "GET_user_profile_avatar". {"route_parameters":{"_controller":"[object] (Closure: {})","_route":"GET_user_profile_avatar"},"request_uri":"http://bio-prete.c9users.io/user/profile/avatar?t=1479509735"} []
[2016-11-18 22:55:35] myapp.DEBUG: Read existing security token from the session. {"key":"_security_secure"} []
[2016-11-18 22:55:35] myapp.DEBUG: User was reloaded from a user provider. {"username":"invitado@visualgenoma.com","provider":"UserProvider"} []
[2016-11-18 22:55:35] myapp.INFO: > GET /user/profile/avatar?t=1479509735 [] []
[2016-11-18 22:55:35] myapp.INFO: < 200 [] []
[2016-11-18 22:55:35] myapp.DEBUG: Stored the security token in the session. {"key":"_security_secure"} []
[2016-11-18 22:55:36] myapp.INFO: Matched route "GET_ancestry_intro". {"route_parameters":{"_controller":"[object] (Closure: {})","_route":"GET_ancestry_intro"},"request_uri":"http://bio-prete.c9users.io/ancestry/intro"} []
[2016-11-18 22:55:36] myapp.DEBUG: Read existing security token from the session. {"key":"_security_secure"} []
[2016-11-18 22:55:36] myapp.DEBUG: User was reloaded from a user provider. {"username":"invitado@visualgenoma.com","provider":"UserProvider"} []
[2016-11-18 22:55:36] myapp.INFO: > GET /ancestry/intro [] []
[2016-11-18 22:55:36] myapp.INFO: < 200 [] []
[2016-11-18 22:55:36] myapp.DEBUG: Stored the security token in the session. {"key":"_security_secure"} []
[2016-11-18 22:55:37] myapp.INFO: Matched route "GET_user_profile_avatar". {"route_parameters":{"_controller":"[object] (Closure: {})","_route":"GET_user_profile_avatar"},"request_uri":"http://bio-prete.c9users.io/user/profile/avatar?t=1479509736"} []
[2016-11-18 22:55:37] myapp.DEBUG: Read existing security token from the session. {"key":"_security_secure"} []
[2016-11-18 22:55:37] myapp.DEBUG: User was reloaded from a user provider. {"username":"invitado@visualgenoma.com","provider":"UserProvider"} []
[2016-11-18 22:55:37] myapp.INFO: > GET /user/profile/avatar?t=1479509736 [] []
[2016-11-18 22:55:37] myapp.INFO: < 200 [] []
[2016-11-18 22:55:37] myapp.DEBUG: Stored the security token in the session. {"key":"_security_secure"} []
[2016-11-18 22:56:00] myapp.INFO: Matched route "GET_ancestry_worldmap". {"route_parameters":{"_controller":"[object] (Closure: {})","_route":"GET_ancestry_worldmap"},"request_uri":"http://bio-prete.c9users.io/ancestry/worldmap"} []
[2016-11-18 22:56:00] myapp.DEBUG: Read existing security token from the session. {"key":"_security_secure"} []
[2016-11-18 22:56:00] myapp.DEBUG: User was reloaded from a user provider. {"username":"invitado@visualgenoma.com","provider":"UserProvider"} []
[2016-11-18 22:56:00] myapp.INFO: > GET /ancestry/worldmap [] []
[2016-11-18 22:56:00] myapp.INFO: < 200 [] []
[2016-11-18 22:56:00] myapp.DEBUG: Stored the security token in the session. {"key":"_security_secure"} []
[2016-11-18 22:56:01] myapp.INFO: Matched route "GET_user_profile_avatar". {"route_parameters":{"_controller":"[object] (Closure: {})","_route":"GET_user_profile_avatar"},"request_uri":"http://bio-prete.c9users.io/user/profile/avatar?t=1479509760"} []
[2016-11-18 22:56:01] myapp.DEBUG: Read existing security token from the session. {"key":"_security_secure"} []
[2016-11-18 22:56:01] myapp.DEBUG: User was reloaded from a user provider. {"username":"invitado@visualgenoma.com","provider":"UserProvider"} []
[2016-11-18 22:56:01] myapp.INFO: > GET /user/profile/avatar?t=1479509760 [] []
[2016-11-18 22:56:01] myapp.INFO: < 200 [] []
[2016-11-18 22:56:01] myapp.DEBUG: Stored the security token in the session. {"key":"_security_secure"} []
[2016-11-18 22:56:23] myapp.INFO: Matched route "GET_ancestry_worldmap". {"route_parameters":{"_controller":"[object] (Closure: {})","_route":"GET_ancestry_worldmap"},"request_uri":"http://bio-prete.c9users.io/ancestry/worldmap"} []
[2016-11-18 22:56:23] myapp.DEBUG: Read existing security token from the session. {"key":"_security_secure"} []
[2016-11-18 22:56:23] myapp.DEBUG: User was reloaded from a user provider. {"username":"invitado@visualgenoma.com","provider":"UserProvider"} []
[2016-11-18 22:56:23] myapp.INFO: > GET /ancestry/worldmap [] []
[2016-11-18 22:56:23] myapp.INFO: < 200 [] []
[2016-11-18 22:56:23] myapp.DEBUG: Stored the security token in the session. {"key":"_security_secure"} []
[2016-11-18 22:56:24] myapp.INFO: Matched route "GET_user_profile_avatar". {"route_parameters":{"_controller":"[object] (Closure: {})","_route":"GET_user_profile_avatar"},"request_uri":"http://bio-prete.c9users.io/user/profile/avatar?t=1479509783"} []
[2016-11-18 22:56:24] myapp.DEBUG: Read existing security token from the session. {"key":"_security_secure"} []
[2016-11-18 22:56:24] myapp.DEBUG: User was reloaded from a user provider. {"username":"invitado@visualgenoma.com","provider":"UserProvider"} []
[2016-11-18 22:56:24] myapp.INFO: > GET /user/profile/avatar?t=1479509783 [] []
[2016-11-18 22:56:24] myapp.INFO: < 200 [] []
[2016-11-18 22:56:24] myapp.DEBUG: Stored the security token in the session. {"key":"_security_secure"} []
[2016-11-18 22:57:57] myapp.INFO: Matched route "GET_ancestry_intro". {"route_parameters":{"_controller":"[object] (Closure: {})","_route":"GET_ancestry_intro"},"request_uri":"http://bio-prete.c9users.io/ancestry/intro"} []
[2016-11-18 22:57:57] myapp.DEBUG: Read existing security token from the session. {"key":"_security_secure"} []
[2016-11-18 22:57:57] myapp.DEBUG: User was reloaded from a user provider. {"username":"invitado@visualgenoma.com","provider":"UserProvider"} []
[2016-11-18 22:57:57] myapp.INFO: > GET /ancestry/intro [] []
[2016-11-18 22:57:57] myapp.INFO: < 200 [] []
[2016-11-18 22:57:57] myapp.DEBUG: Stored the security token in the session. {"key":"_security_secure"} []
[2016-11-18 22:57:57] myapp.INFO: Matched route "GET_user_profile_avatar". {"route_parameters":{"_controller":"[object] (Closure: {})","_route":"GET_user_profile_avatar"},"request_uri":"http://bio-prete.c9users.io/user/profile/avatar?t=1479509877"} []
[2016-11-18 22:57:57] myapp.DEBUG: Read existing security token from the session. {"key":"_security_secure"} []
[2016-11-18 22:57:57] myapp.DEBUG: User was reloaded from a user provider. {"username":"invitado@visualgenoma.com","provider":"UserProvider"} []
[2016-11-18 22:57:57] myapp.INFO: > GET /user/profile/avatar?t=1479509877 [] []
[2016-11-18 22:57:57] myapp.INFO: < 200 [] []
[2016-11-18 22:57:57] myapp.DEBUG: Stored the security token in the session. {"key":"_security_secure"} []
[2016-11-18 22:58:19] myapp.INFO: Matched route "GET_dashboard". {"route_parameters":{"_controller":"[object] (Closure: {})","_route":"GET_dashboard"},"request_uri":"http://bio-prete.c9users.io/dashboard"} []
[2016-11-18 22:58:19] myapp.DEBUG: Read existing security token from the session. {"key":"_security_secure"} []
[2016-11-18 22:58:19] myapp.DEBUG: User was reloaded from a user provider. {"username":"invitado@visualgenoma.com","provider":"UserProvider"} []
[2016-11-18 22:58:19] myapp.INFO: > GET /dashboard [] []
[2016-11-18 22:58:19] myapp.INFO: < 200 [] []
[2016-11-18 22:58:19] myapp.DEBUG: Stored the security token in the session. {"key":"_security_secure"} []
[2016-11-18 22:58:19] myapp.INFO: Matched route "GET_user_profile_avatar". {"route_parameters":{"_controller":"[object] (Closure: {})","_route":"GET_user_profile_avatar"},"request_uri":"http://bio-prete.c9users.io/user/profile/avatar?t=1479509899"} []
[2016-11-18 22:58:19] myapp.DEBUG: Read existing security token from the session. {"key":"_security_secure"} []
[2016-11-18 22:58:19] myapp.DEBUG: User was reloaded from a user provider. {"username":"invitado@visualgenoma.com","provider":"UserProvider"} []
[2016-11-18 22:58:19] myapp.INFO: > GET /user/profile/avatar?t=1479509899 [] []
[2016-11-18 22:58:19] myapp.INFO: < 200 [] []
[2016-11-18 22:58:19] myapp.DEBUG: Stored the security token in the session. {"key":"_security_secure"} []
[2016-11-18 22:58:20] myapp.INFO: Matched route "GET_variants_". {"route_parameters":{"_controller":"[object] (Closure: {})","_route":"GET_variants_"},"request_uri":"http://bio-prete.c9users.io/variants/"} []
[2016-11-18 22:58:20] myapp.DEBUG: Read existing security token from the session. {"key":"_security_secure"} []
[2016-11-18 22:58:20] myapp.DEBUG: User was reloaded from a user provider. {"username":"invitado@visualgenoma.com","provider":"UserProvider"} []
[2016-11-18 22:58:20] myapp.INFO: > GET /variants/ [] []
[2016-11-18 22:58:20] myapp.INFO: < 200 [] []
[2016-11-18 22:58:20] myapp.DEBUG: Stored the security token in the session. {"key":"_security_secure"} []
[2016-11-18 22:58:21] myapp.INFO: Matched route "GET_user_profile_avatar". {"route_parameters":{"_controller":"[object] (Closure: {})","_route":"GET_user_profile_avatar"},"request_uri":"http://bio-prete.c9users.io/user/profile/avatar?t=1479509900"} []
[2016-11-18 22:58:21] myapp.DEBUG: Read existing security token from the session. {"key":"_security_secure"} []
[2016-11-18 22:58:21] myapp.DEBUG: User was reloaded from a user provider. {"username":"invitado@visualgenoma.com","provider":"UserProvider"} []
[2016-11-18 22:58:21] myapp.INFO: > GET /user/profile/avatar?t=1479509900 [] []
[2016-11-18 22:58:21] myapp.INFO: < 200 [] []
[2016-11-18 22:58:21] myapp.DEBUG: Stored the security token in the session. {"key":"_security_secure"} []
[2016-11-18 22:58:39] myapp.INFO: Matched route "GET_dashboard". {"route_parameters":{"_controller":"[object] (Closure: {})","_route":"GET_dashboard"},"request_uri":"http://bio-prete.c9users.io/dashboard"} []
[2016-11-18 22:58:39] myapp.DEBUG: Read existing security token from the session. {"key":"_security_secure"} []
[2016-11-18 22:58:39] myapp.DEBUG: User was reloaded from a user provider. {"username":"invitado@visualgenoma.com","provider":"UserProvider"} []
[2016-11-18 22:58:39] myapp.INFO: > GET /dashboard [] []
[2016-11-18 22:58:39] myapp.INFO: < 200 [] []
[2016-11-18 22:58:39] myapp.DEBUG: Stored the security token in the session. {"key":"_security_secure"} []
[2016-11-18 22:58:39] myapp.INFO: Matched route "GET_user_profile_avatar". {"route_parameters":{"_controller":"[object] (Closure: {})","_route":"GET_user_profile_avatar"},"request_uri":"http://bio-prete.c9users.io/user/profile/avatar?t=1479509919"} []
[2016-11-18 22:58:39] myapp.DEBUG: Read existing security token from the session. {"key":"_security_secure"} []
[2016-11-18 22:58:39] myapp.DEBUG: User was reloaded from a user provider. {"username":"invitado@visualgenoma.com","provider":"UserProvider"} []
[2016-11-18 22:58:39] myapp.INFO: > GET /user/profile/avatar?t=1479509919 [] []
[2016-11-18 22:58:39] myapp.INFO: < 200 [] []
[2016-11-18 22:58:39] myapp.DEBUG: Stored the security token in the session. {"key":"_security_secure"} []
[2016-11-18 22:58:40] myapp.INFO: Matched route "GET_genome_browser". {"route_parameters":{"_controller":"[object] (Closure: {})","_route":"GET_genome_browser"},"request_uri":"http://bio-prete.c9users.io/genome_browser?r=1%3A1-6298499"} []
[2016-11-18 22:58:40] myapp.DEBUG: Read existing security token from the session. {"key":"_security_secure"} []
[2016-11-18 22:58:40] myapp.DEBUG: User was reloaded from a user provider. {"username":"invitado@visualgenoma.com","provider":"UserProvider"} []
[2016-11-18 22:58:40] myapp.INFO: > GET /genome_browser?r=1:1-6298499 [] []
[2016-11-18 22:58:40] myapp.INFO: < 200 [] []
[2016-11-18 22:58:40] myapp.DEBUG: Stored the security token in the session. {"key":"_security_secure"} []
[2016-11-18 22:58:41] myapp.INFO: Matched route "GET_user_profile_avatar". {"route_parameters":{"_controller":"[object] (Closure: {})","_route":"GET_user_profile_avatar"},"request_uri":"http://bio-prete.c9users.io/user/profile/avatar?t=1479509920"} []
[2016-11-18 22:58:41] myapp.DEBUG: Read existing security token from the session. {"key":"_security_secure"} []
[2016-11-18 22:58:41] myapp.DEBUG: User was reloaded from a user provider. {"username":"invitado@visualgenoma.com","provider":"UserProvider"} []
[2016-11-18 22:58:41] myapp.INFO: > GET /user/profile/avatar?t=1479509920 [] []
[2016-11-18 22:58:41] myapp.INFO: < 200 [] []
[2016-11-18 22:58:41] myapp.DEBUG: Stored the security token in the session. {"key":"_security_secure"} []
[2016-11-18 22:58:42] myapp.INFO: Matched route "GET_variants_". {"route_parameters":{"_controller":"[object] (Closure: {})","_route":"GET_variants_"},"request_uri":"http://bio-prete.c9users.io/variants/"} []
[2016-11-18 22:58:42] myapp.DEBUG: Read existing security token from the session. {"key":"_security_secure"} []
[2016-11-18 22:58:42] myapp.DEBUG: User was reloaded from a user provider. {"username":"invitado@visualgenoma.com","provider":"UserProvider"} []
[2016-11-18 22:58:42] myapp.INFO: > GET /variants/ [] []
[2016-11-18 22:58:42] myapp.INFO: < 200 [] []
[2016-11-18 22:58:42] myapp.DEBUG: Stored the security token in the session. {"key":"_security_secure"} []
[2016-11-18 22:58:43] myapp.INFO: Matched route "GET_variants_track". {"route_parameters":{"_controller":"[object] (Closure: {})","_route":"GET_variants_track"},"request_uri":"http://bio-prete.c9users.io/variants/track?chr=1&end=NaN&start=NaN"} []
[2016-11-18 22:58:43] myapp.DEBUG: Read existing security token from the session. {"key":"_security_secure"} []
[2016-11-18 22:58:43] myapp.DEBUG: User was reloaded from a user provider. {"username":"invitado@visualgenoma.com","provider":"UserProvider"} []
[2016-11-18 22:58:43] myapp.INFO: > GET /variants/track?chr=1&start=NaN&end=NaN [] []
[2016-11-18 22:58:43] myapp.INFO: < 200 [] []
[2016-11-18 22:58:43] myapp.DEBUG: Stored the security token in the session. {"key":"_security_secure"} []
[2016-11-18 22:58:43] myapp.INFO: Matched route "GET_user_profile_avatar". {"route_parameters":{"_controller":"[object] (Closure: {})","_route":"GET_user_profile_avatar"},"request_uri":"http://bio-prete.c9users.io/user/profile/avatar?t=1479509922"} []
[2016-11-18 22:58:43] myapp.DEBUG: Read existing security token from the session. {"key":"_security_secure"} []
[2016-11-18 22:58:43] myapp.DEBUG: User was reloaded from a user provider. {"username":"invitado@visualgenoma.com","provider":"UserProvider"} []
[2016-11-18 22:58:43] myapp.INFO: > GET /user/profile/avatar?t=1479509922 [] []
[2016-11-18 22:58:43] myapp.INFO: < 200 [] []
[2016-11-18 22:58:43] myapp.DEBUG: Stored the security token in the session. {"key":"_security_secure"} []
[2016-11-18 22:58:45] myapp.INFO: Matched route "GET_variants_id_id". {"route_parameters":{"_controller":"[object] (Closure: {})","id":"10396","_route":"GET_variants_id_id"},"request_uri":"http://bio-prete.c9users.io/variants/id/10396"} []
[2016-11-18 22:58:45] myapp.DEBUG: Read existing security token from the session. {"key":"_security_secure"} []
[2016-11-18 22:58:45] myapp.DEBUG: User was reloaded from a user provider. {"username":"invitado@visualgenoma.com","provider":"UserProvider"} []
[2016-11-18 22:58:45] myapp.INFO: > GET /variants/id/10396 [] []
[2016-11-18 22:58:45] myapp.INFO: < 200 [] []
[2016-11-18 22:58:45] myapp.DEBUG: Stored the security token in the session. {"key":"_security_secure"} []
[2016-11-18 22:58:45] myapp.INFO: Matched route "GET_user_profile_avatar". {"route_parameters":{"_controller":"[object] (Closure: {})","_route":"GET_user_profile_avatar"},"request_uri":"http://bio-prete.c9users.io/user/profile/avatar?t=1479509925"} []
[2016-11-18 22:58:45] myapp.DEBUG: Read existing security token from the session. {"key":"_security_secure"} []
[2016-11-18 22:58:45] myapp.DEBUG: User was reloaded from a user provider. {"username":"invitado@visualgenoma.com","provider":"UserProvider"} []
[2016-11-18 22:58:45] myapp.INFO: > GET /user/profile/avatar?t=1479509925 [] []
[2016-11-18 22:58:45] myapp.INFO: < 200 [] []
[2016-11-18 22:58:45] myapp.DEBUG: Stored the security token in the session. {"key":"_security_secure"} []
[2016-11-18 22:59:40] myapp.INFO: Matched route "GET_variants_id_id". {"route_parameters":{"_controller":"[object] (Closure: {})","id":"30524","_route":"GET_variants_id_id"},"request_uri":"http://bio-prete.c9users.io/variants/id/30524"} []
[2016-11-18 22:59:40] myapp.DEBUG: Read existing security token from the session. {"key":"_security_secure"} []
[2016-11-18 22:59:40] myapp.DEBUG: User was reloaded from a user provider. {"username":"invitado@visualgenoma.com","provider":"UserProvider"} []
[2016-11-18 22:59:40] myapp.INFO: > GET /variants/id/30524 [] []
[2016-11-18 22:59:40] myapp.INFO: < 200 [] []
[2016-11-18 22:59:40] myapp.DEBUG: Stored the security token in the session. {"key":"_security_secure"} []
[2016-11-18 22:59:40] myapp.INFO: Matched route "GET_user_profile_avatar". {"route_parameters":{"_controller":"[object] (Closure: {})","_route":"GET_user_profile_avatar"},"request_uri":"http://bio-prete.c9users.io/user/profile/avatar?t=1479509980"} []
[2016-11-18 22:59:40] myapp.DEBUG: Read existing security token from the session. {"key":"_security_secure"} []
[2016-11-18 22:59:40] myapp.DEBUG: User was reloaded from a user provider. {"username":"invitado@visualgenoma.com","provider":"UserProvider"} []
[2016-11-18 22:59:40] myapp.INFO: > GET /user/profile/avatar?t=1479509980 [] []
[2016-11-18 22:59:40] myapp.INFO: < 200 [] []
[2016-11-18 22:59:40] myapp.DEBUG: Stored the security token in the session. {"key":"_security_secure"} []
[2016-11-18 22:59:43] myapp.INFO: Matched route "GET_variants_clinical". {"route_parameters":{"_controller":"[object] (Closure: {})","_route":"GET_variants_clinical"},"request_uri":"http://bio-prete.c9users.io/variants/clinical"} []
[2016-11-18 22:59:43] myapp.DEBUG: Read existing security token from the session. {"key":"_security_secure"} []
[2016-11-18 22:59:43] myapp.DEBUG: User was reloaded from a user provider. {"username":"invitado@visualgenoma.com","provider":"UserProvider"} []
[2016-11-18 22:59:43] myapp.INFO: > GET /variants/clinical [] []
[2016-11-18 22:59:43] myapp.INFO: < 200 [] []
[2016-11-18 22:59:43] myapp.DEBUG: Stored the security token in the session. {"key":"_security_secure"} []
[2016-11-18 22:59:44] myapp.INFO: Matched route "GET_user_profile_avatar". {"route_parameters":{"_controller":"[object] (Closure: {})","_route":"GET_user_profile_avatar"},"request_uri":"http://bio-prete.c9users.io/user/profile/avatar?t=1479509983"} []
[2016-11-18 22:59:44] myapp.DEBUG: Read existing security token from the session. {"key":"_security_secure"} []
[2016-11-18 22:59:44] myapp.DEBUG: User was reloaded from a user provider. {"username":"invitado@visualgenoma.com","provider":"UserProvider"} []
[2016-11-18 22:59:44] myapp.INFO: > GET /user/profile/avatar?t=1479509983 [] []
[2016-11-18 22:59:44] myapp.INFO: < 200 [] []
[2016-11-18 22:59:44] myapp.DEBUG: Stored the security token in the session. {"key":"_security_secure"} []
[2016-11-18 22:59:45] myapp.INFO: Matched route "GET_variants_clinical_pathogenic". {"route_parameters":{"_controller":"[object] (Closure: {})","_route":"GET_variants_clinical_pathogenic"},"request_uri":"http://bio-prete.c9users.io/variants/clinical/pathogenic"} []
[2016-11-18 22:59:45] myapp.DEBUG: Read existing security token from the session. {"key":"_security_secure"} []
[2016-11-18 22:59:45] myapp.DEBUG: User was reloaded from a user provider. {"username":"invitado@visualgenoma.com","provider":"UserProvider"} []
[2016-11-18 22:59:45] myapp.INFO: > GET /variants/clinical/pathogenic [] []
[2016-11-18 22:59:45] myapp.INFO: < 200 [] []
[2016-11-18 22:59:45] myapp.DEBUG: Stored the security token in the session. {"key":"_security_secure"} []
[2016-11-18 22:59:46] myapp.INFO: Matched route "GET_user_profile_avatar". {"route_parameters":{"_controller":"[object] (Closure: {})","_route":"GET_user_profile_avatar"},"request_uri":"http://bio-prete.c9users.io/user/profile/avatar?t=1479509985"} []
[2016-11-18 22:59:46] myapp.DEBUG: Read existing security token from the session. {"key":"_security_secure"} []
[2016-11-18 22:59:46] myapp.DEBUG: User was reloaded from a user provider. {"username":"invitado@visualgenoma.com","provider":"UserProvider"} []
[2016-11-18 22:59:46] myapp.INFO: > GET /user/profile/avatar?t=1479509985 [] []
[2016-11-18 22:59:46] myapp.INFO: < 200 [] []
[2016-11-18 22:59:46] myapp.DEBUG: Stored the security token in the session. {"key":"_security_secure"} []
[2016-11-18 22:59:51] myapp.INFO: Matched route "GET_variants_id_id". {"route_parameters":{"_controller":"[object] (Closure: {})","id":"31569","_route":"GET_variants_id_id"},"request_uri":"http://bio-prete.c9users.io/variants/id/31569"} []
[2016-11-18 22:59:51] myapp.DEBUG: Read existing security token from the session. {"key":"_security_secure"} []
[2016-11-18 22:59:51] myapp.DEBUG: User was reloaded from a user provider. {"username":"invitado@visualgenoma.com","provider":"UserProvider"} []
[2016-11-18 22:59:51] myapp.INFO: > GET /variants/id/31569 [] []
[2016-11-18 22:59:51] myapp.INFO: < 200 [] []
[2016-11-18 22:59:51] myapp.DEBUG: Stored the security token in the session. {"key":"_security_secure"} []
[2016-11-18 22:59:52] myapp.INFO: Matched route "GET_user_profile_avatar". {"route_parameters":{"_controller":"[object] (Closure: {})","_route":"GET_user_profile_avatar"},"request_uri":"http://bio-prete.c9users.io/user/profile/avatar?t=1479509991"} []
[2016-11-18 22:59:52] myapp.DEBUG: Read existing security token from the session. {"key":"_security_secure"} []
[2016-11-18 22:59:52] myapp.DEBUG: User was reloaded from a user provider. {"username":"invitado@visualgenoma.com","provider":"UserProvider"} []
[2016-11-18 22:59:52] myapp.INFO: > GET /user/profile/avatar?t=1479509991 [] []
[2016-11-18 22:59:52] myapp.INFO: < 200 [] []
[2016-11-18 22:59:52] myapp.DEBUG: Stored the security token in the session. {"key":"_security_secure"} []
[2016-11-18 23:00:05] myapp.INFO: Matched route "GET_variants_id_id". {"route_parameters":{"_controller":"[object] (Closure: {})","id":"31659","_route":"GET_variants_id_id"},"request_uri":"http://bio-prete.c9users.io/variants/id/31659"} []
[2016-11-18 23:00:05] myapp.DEBUG: Read existing security token from the session. {"key":"_security_secure"} []
[2016-11-18 23:00:05] myapp.DEBUG: User was reloaded from a user provider. {"username":"invitado@visualgenoma.com","provider":"UserProvider"} []
[2016-11-18 23:00:05] myapp.INFO: > GET /variants/id/31659 [] []
[2016-11-18 23:00:05] myapp.INFO: < 200 [] []
[2016-11-18 23:00:05] myapp.DEBUG: Stored the security token in the session. {"key":"_security_secure"} []
[2016-11-18 23:00:06] myapp.INFO: Matched route "GET_user_profile_avatar". {"route_parameters":{"_controller":"[object] (Closure: {})","_route":"GET_user_profile_avatar"},"request_uri":"http://bio-prete.c9users.io/user/profile/avatar?t=1479510005"} []
[2016-11-18 23:00:06] myapp.DEBUG: Read existing security token from the session. {"key":"_security_secure"} []
[2016-11-18 23:00:06] myapp.DEBUG: User was reloaded from a user provider. {"username":"invitado@visualgenoma.com","provider":"UserProvider"} []
[2016-11-18 23:00:06] myapp.INFO: > GET /user/profile/avatar?t=1479510005 [] []
[2016-11-18 23:00:06] myapp.INFO: < 200 [] []
[2016-11-18 23:00:06] myapp.DEBUG: Stored the security token in the session. {"key":"_security_secure"} []
[2016-11-18 23:01:30] myapp.INFO: Matched route "GET_genome_browser". {"route_parameters":{"_controller":"[object] (Closure: {})","_route":"GET_genome_browser"},"request_uri":"http://bio-prete.c9users.io/genome_browser?r=1%3A1-6298499"} []
[2016-11-18 23:01:30] myapp.DEBUG: Read existing security token from the session. {"key":"_security_secure"} []
[2016-11-18 23:01:30] myapp.DEBUG: User was reloaded from a user provider. {"username":"invitado@visualgenoma.com","provider":"UserProvider"} []
[2016-11-18 23:01:30] myapp.INFO: > GET /genome_browser?r=1:1-6298499 [] []
[2016-11-18 23:01:30] myapp.INFO: < 200 [] []
[2016-11-18 23:01:30] myapp.DEBUG: Stored the security token in the session. {"key":"_security_secure"} []
[2016-11-18 23:01:31] myapp.INFO: Matched route "GET_user_profile_avatar". {"route_parameters":{"_controller":"[object] (Closure: {})","_route":"GET_user_profile_avatar"},"request_uri":"http://bio-prete.c9users.io/user/profile/avatar?t=1479510090"} []
[2016-11-18 23:01:31] myapp.DEBUG: Read existing security token from the session. {"key":"_security_secure"} []
[2016-11-18 23:01:31] myapp.DEBUG: User was reloaded from a user provider. {"username":"invitado@visualgenoma.com","provider":"UserProvider"} []
[2016-11-18 23:01:31] myapp.INFO: > GET /user/profile/avatar?t=1479510090 [] []
[2016-11-18 23:01:31] myapp.INFO: < 200 [] []
[2016-11-18 23:01:31] myapp.DEBUG: Stored the security token in the session. {"key":"_security_secure"} []
[2016-11-18 23:01:33] myapp.INFO: Matched route "GET_variants_track". {"route_parameters":{"_controller":"[object] (Closure: {})","_route":"GET_variants_track"},"request_uri":"http://bio-prete.c9users.io/variants/track?chr=1&end=12596998&start=1"} []
[2016-11-18 23:01:33] myapp.DEBUG: Read existing security token from the session. {"key":"_security_secure"} []
[2016-11-18 23:01:33] myapp.DEBUG: User was reloaded from a user provider. {"username":"invitado@visualgenoma.com","provider":"UserProvider"} []
[2016-11-18 23:01:33] myapp.INFO: > GET /variants/track?chr=1&start=1&end=12596998 [] []
[2016-11-18 23:01:33] myapp.INFO: < 200 [] []
[2016-11-18 23:01:33] myapp.DEBUG: Stored the security token in the session. {"key":"_security_secure"} []
[2016-11-18 23:01:40] myapp.INFO: Matched route "GET_variants_track". {"route_parameters":{"_controller":"[object] (Closure: {})","_route":"GET_variants_track"},"request_uri":"http://bio-prete.c9users.io/variants/track?chr=1&end=247961924&start=1"} []
[2016-11-18 23:01:40] myapp.DEBUG: Read existing security token from the session. {"key":"_security_secure"} []
[2016-11-18 23:01:40] myapp.DEBUG: User was reloaded from a user provider. {"username":"invitado@visualgenoma.com","provider":"UserProvider"} []
[2016-11-18 23:01:40] myapp.INFO: > GET /variants/track?chr=1&start=1&end=247961924 [] []
[2016-11-18 23:01:40] myapp.INFO: < 200 [] []
[2016-11-18 23:01:40] myapp.DEBUG: Stored the security token in the session. {"key":"_security_secure"} []
[2016-11-18 23:01:42] myapp.INFO: Matched route "GET_variants_track". {"route_parameters":{"_controller":"[object] (Closure: {})","_route":"GET_variants_track"},"request_uri":"http://bio-prete.c9users.io/variants/track?chr=1&end=123980962&start=1"} []
[2016-11-18 23:01:42] myapp.DEBUG: Read existing security token from the session. {"key":"_security_secure"} []
[2016-11-18 23:01:42] myapp.DEBUG: User was reloaded from a user provider. {"username":"invitado@visualgenoma.com","provider":"UserProvider"} []
[2016-11-18 23:01:42] myapp.INFO: > GET /variants/track?chr=1&start=1&end=123980962 [] []
[2016-11-18 23:01:42] myapp.INFO: < 200 [] []
[2016-11-18 23:01:42] myapp.DEBUG: Stored the security token in the session. {"key":"_security_secure"} []
[2016-11-18 23:12:06] myapp.INFO: Matched route "GET_genome_browser". {"route_parameters":{"_controller":"[object] (Closure: {})","_route":"GET_genome_browser"},"request_uri":"http://bio-prete.c9users.io/genome_browser?r=1%3A1-6298499"} []
[2016-11-18 23:12:06] myapp.DEBUG: Read existing security token from the session. {"key":"_security_secure"} []
[2016-11-18 23:12:06] myapp.DEBUG: User was reloaded from a user provider. {"username":"invitado@visualgenoma.com","provider":"UserProvider"} []
[2016-11-18 23:12:06] myapp.INFO: > GET /genome_browser?r=1:1-6298499 [] []
[2016-11-18 23:12:06] myapp.INFO: < 200 [] []
[2016-11-18 23:12:06] myapp.DEBUG: Stored the security token in the session. {"key":"_security_secure"} []
[2016-11-18 23:12:07] myapp.INFO: Matched route "GET_vcf_summary". {"route_parameters":{"_controller":"[object] (Closure: {})","_route":"GET_vcf_summary"},"request_uri":"http://bio-prete.c9users.io/vcf/summary"} []
[2016-11-18 23:12:07] myapp.DEBUG: Read existing security token from the session. {"key":"_security_secure"} []
[2016-11-18 23:12:07] myapp.DEBUG: User was reloaded from a user provider. {"username":"invitado@visualgenoma.com","provider":"UserProvider"} []
[2016-11-18 23:12:07] myapp.INFO: > GET /vcf/summary [] []
[2016-11-18 23:12:07] myapp.INFO: < 200 [] []
[2016-11-18 23:12:07] myapp.DEBUG: Stored the security token in the session. {"key":"_security_secure"} []
[2016-11-18 23:12:08] myapp.INFO: Matched route "GET_user_profile_avatar". {"route_parameters":{"_controller":"[object] (Closure: {})","_route":"GET_user_profile_avatar"},"request_uri":"http://bio-prete.c9users.io/user/profile/avatar?t=1479510727"} []
[2016-11-18 23:12:08] myapp.DEBUG: Read existing security token from the session. {"key":"_security_secure"} []
[2016-11-18 23:12:08] myapp.DEBUG: User was reloaded from a user provider. {"username":"invitado@visualgenoma.com","provider":"UserProvider"} []
[2016-11-18 23:12:08] myapp.INFO: > GET /user/profile/avatar?t=1479510727 [] []
[2016-11-18 23:12:08] myapp.INFO: < 200 [] []
[2016-11-18 23:12:08] myapp.DEBUG: Stored the security token in the session. {"key":"_security_secure"} []
[2016-11-18 23:12:13] myapp.INFO: Matched route "GET_graphs_source_variants_bars". {"route_parameters":{"_controller":"[object] (Closure: {})","_route":"GET_graphs_source_variants_bars"},"request_uri":"http://bio-prete.c9users.io/graphs/source/variants/bars"} []
[2016-11-18 23:12:13] myapp.DEBUG: Read existing security token from the session. {"key":"_security_secure"} []
[2016-11-18 23:12:13] myapp.DEBUG: User was reloaded from a user provider. {"username":"invitado@visualgenoma.com","provider":"UserProvider"} []
[2016-11-18 23:12:13] myapp.INFO: > GET /graphs/source/variants/bars [] []
[2016-11-18 23:12:13] myapp.INFO: < 200 [] []
[2016-11-18 23:12:13] myapp.DEBUG: Stored the security token in the session. {"key":"_security_secure"} []
[2016-11-18 23:12:14] myapp.INFO: Matched route "GET_graphs_source_variants_pie". {"route_parameters":{"_controller":"[object] (Closure: {})","_route":"GET_graphs_source_variants_pie"},"request_uri":"http://bio-prete.c9users.io/graphs/source/variants/pie"} []
[2016-11-18 23:12:14] myapp.DEBUG: Read existing security token from the session. {"key":"_security_secure"} []
[2016-11-18 23:12:14] myapp.DEBUG: User was reloaded from a user provider. {"username":"invitado@visualgenoma.com","provider":"UserProvider"} []
[2016-11-18 23:12:14] myapp.INFO: > GET /graphs/source/variants/pie [] []
[2016-11-18 23:12:14] myapp.INFO: < 200 [] []
[2016-11-18 23:12:14] myapp.DEBUG: Stored the security token in the session. {"key":"_security_secure"} []
[2016-11-18 23:12:14] myapp.INFO: Matched route "GET_graphs_source_variants_clinical_hierarchy". {"route_parameters":{"_controller":"[object] (Closure: {})","_route":"GET_graphs_source_variants_clinical_hierarchy"},"request_uri":"http://bio-prete.c9users.io/graphs/source/variants/clinical/hierarchy"} []
[2016-11-18 23:12:14] myapp.INFO: Matched route "GET_graphs_source_filters_pass_fail_pie". {"route_parameters":{"_controller":"[object] (Closure: {})","_route":"GET_graphs_source_filters_pass_fail_pie"},"request_uri":"http://bio-prete.c9users.io/graphs/source/filters/pass-fail/pie"} []
[2016-11-18 23:12:14] myapp.DEBUG: Read existing security token from the session. {"key":"_security_secure"} []
[2016-11-18 23:12:14] myapp.DEBUG: User was reloaded from a user provider. {"username":"invitado@visualgenoma.com","provider":"UserProvider"} []
[2016-11-18 23:12:14] myapp.INFO: > GET /graphs/source/variants/clinical/hierarchy [] []
[2016-11-18 23:12:14] myapp.INFO: Matched route "GET_graphs_source_nucleotides_pie". {"route_parameters":{"_controller":"[object] (Closure: {})","_route":"GET_graphs_source_nucleotides_pie"},"request_uri":"http://bio-prete.c9users.io/graphs/source/nucleotides/pie"} []
[2016-11-18 23:12:14] myapp.INFO: Matched route "GET_graphs_source_chromosome_quality_bars". {"route_parameters":{"_controller":"[object] (Closure: {})","_route":"GET_graphs_source_chromosome_quality_bars"},"request_uri":"http://bio-prete.c9users.io/graphs/source/chromosome/quality/bars"} []
[2016-11-18 23:12:14] myapp.INFO: < 200 [] []
[2016-11-18 23:12:14] myapp.DEBUG: Stored the security token in the session. {"key":"_security_secure"} []
[2016-11-18 23:12:14] myapp.DEBUG: Read existing security token from the session. {"key":"_security_secure"} []
[2016-11-18 23:12:14] myapp.DEBUG: User was reloaded from a user provider. {"username":"invitado@visualgenoma.com","provider":"UserProvider"} []
[2016-11-18 23:12:14] myapp.INFO: > GET /graphs/source/nucleotides/pie [] []
[2016-11-18 23:12:14] myapp.INFO: < 200 [] []
[2016-11-18 23:12:14] myapp.DEBUG: Stored the security token in the session. {"key":"_security_secure"} []
[2016-11-18 23:12:14] myapp.DEBUG: Read existing security token from the session. {"key":"_security_secure"} []
[2016-11-18 23:12:14] myapp.DEBUG: User was reloaded from a user provider. {"username":"invitado@visualgenoma.com","provider":"UserProvider"} []
[2016-11-18 23:12:14] myapp.INFO: > GET /graphs/source/chromosome/quality/bars [] []
[2016-11-18 23:12:14] myapp.INFO: < 200 [] []
[2016-11-18 23:12:14] myapp.DEBUG: Stored the security token in the session. {"key":"_security_secure"} []
[2016-11-18 23:12:14] myapp.DEBUG: Read existing security token from the session. {"key":"_security_secure"} []
[2016-11-18 23:12:14] myapp.DEBUG: User was reloaded from a user provider. {"username":"invitado@visualgenoma.com","provider":"UserProvider"} []
[2016-11-18 23:12:14] myapp.INFO: > GET /graphs/source/filters/pass-fail/pie [] []
[2016-11-18 23:12:14] myapp.INFO: < 200 [] []
[2016-11-18 23:12:14] myapp.DEBUG: Stored the security token in the session. {"key":"_security_secure"} []
[2016-11-18 23:12:31] myapp.INFO: Matched route "GET_reports". {"route_parameters":{"_controller":"[object] (Closure: {})","_route":"GET_reports"},"request_uri":"http://bio-prete.c9users.io/reports"} []
[2016-11-18 23:12:31] myapp.DEBUG: Read existing security token from the session. {"key":"_security_secure"} []
[2016-11-18 23:12:31] myapp.DEBUG: User was reloaded from a user provider. {"username":"invitado@visualgenoma.com","provider":"UserProvider"} []
[2016-11-18 23:12:31] myapp.INFO: > GET /reports [] []
[2016-11-18 23:12:31] myapp.INFO: < 200 [] []
[2016-11-18 23:12:31] myapp.DEBUG: Stored the security token in the session. {"key":"_security_secure"} []
[2016-11-18 23:12:32] myapp.INFO: Matched route "GET_user_profile_avatar". {"route_parameters":{"_controller":"[object] (Closure: {})","_route":"GET_user_profile_avatar"},"request_uri":"http://bio-prete.c9users.io/user/profile/avatar?t=1479510751"} []
[2016-11-18 23:12:32] myapp.DEBUG: Read existing security token from the session. {"key":"_security_secure"} []
[2016-11-18 23:12:32] myapp.DEBUG: User was reloaded from a user provider. {"username":"invitado@visualgenoma.com","provider":"UserProvider"} []
[2016-11-18 23:12:32] myapp.INFO: > GET /user/profile/avatar?t=1479510751 [] []
[2016-11-18 23:12:32] myapp.INFO: < 200 [] []
[2016-11-18 23:12:32] myapp.DEBUG: Stored the security token in the session. {"key":"_security_secure"} []
[2016-11-18 23:12:56] myapp.INFO: Matched route "GET_file_upload". {"route_parameters":{"_controller":"[object] (Closure: {})","_route":"GET_file_upload"},"request_uri":"http://bio-prete.c9users.io/file/upload"} []
[2016-11-18 23:12:56] myapp.DEBUG: Read existing security token from the session. {"key":"_security_secure"} []
[2016-11-18 23:12:56] myapp.DEBUG: User was reloaded from a user provider. {"username":"invitado@visualgenoma.com","provider":"UserProvider"} []
[2016-11-18 23:12:56] myapp.INFO: > GET /file/upload [] []
[2016-11-18 23:12:56] myapp.INFO: < 200 [] []
[2016-11-18 23:12:56] myapp.DEBUG: Stored the security token in the session. {"key":"_security_secure"} []
[2016-11-18 23:12:59] myapp.INFO: Matched route "GET_user_profile_avatar". {"route_parameters":{"_controller":"[object] (Closure: {})","_route":"GET_user_profile_avatar"},"request_uri":"http://bio-prete.c9users.io/user/profile/avatar?t=1479510776"} []
[2016-11-18 23:12:59] myapp.DEBUG: Read existing security token from the session. {"key":"_security_secure"} []
[2016-11-18 23:12:59] myapp.DEBUG: User was reloaded from a user provider. {"username":"invitado@visualgenoma.com","provider":"UserProvider"} []
[2016-11-18 23:12:59] myapp.INFO: > GET /user/profile/avatar?t=1479510776 [] []
[2016-11-18 23:12:59] myapp.INFO: < 200 [] []
[2016-11-18 23:12:59] myapp.DEBUG: Stored the security token in the session. {"key":"_security_secure"} []
[2016-11-18 23:13:03] myapp.INFO: Matched route "GET_faq". {"route_parameters":{"_controller":"[object] (Closure: {})","_route":"GET_faq"},"request_uri":"http://bio-prete.c9users.io/faq"} []
[2016-11-18 23:13:03] myapp.DEBUG: Read existing security token from the session. {"key":"_security_secure"} []
[2016-11-18 23:13:03] myapp.DEBUG: User was reloaded from a user provider. {"username":"invitado@visualgenoma.com","provider":"UserProvider"} []
[2016-11-18 23:13:03] myapp.INFO: > GET /faq [] []
[2016-11-18 23:13:03] myapp.INFO: < 200 [] []
[2016-11-18 23:13:03] myapp.DEBUG: Stored the security token in the session. {"key":"_security_secure"} []
[2016-11-18 23:13:05] myapp.INFO: Matched route "GET_user_profile_avatar". {"route_parameters":{"_controller":"[object] (Closure: {})","_route":"GET_user_profile_avatar"},"request_uri":"http://bio-prete.c9users.io/user/profile/avatar?t=1479510783"} []
[2016-11-18 23:13:05] myapp.DEBUG: Read existing security token from the session. {"key":"_security_secure"} []
[2016-11-18 23:13:05] myapp.DEBUG: User was reloaded from a user provider. {"username":"invitado@visualgenoma.com","provider":"UserProvider"} []
[2016-11-18 23:13:05] myapp.INFO: > GET /user/profile/avatar?t=1479510783 [] []
[2016-11-18 23:13:05] myapp.INFO: < 200 [] []
[2016-11-18 23:13:05] myapp.DEBUG: Stored the security token in the session. {"key":"_security_secure"} []
[2016-11-18 23:13:09] myapp.INFO: Matched route "GET_intro". {"route_parameters":{"_controller":"[object] (Closure: {})","_route":"GET_intro"},"request_uri":"http://bio-prete.c9users.io/intro"} []
[2016-11-18 23:13:09] myapp.DEBUG: Read existing security token from the session. {"key":"_security_secure"} []
[2016-11-18 23:13:09] myapp.DEBUG: User was reloaded from a user provider. {"username":"invitado@visualgenoma.com","provider":"UserProvider"} []
[2016-11-18 23:13:09] myapp.INFO: > GET /intro [] []
[2016-11-18 23:13:09] myapp.INFO: < 200 [] []
[2016-11-18 23:13:09] myapp.DEBUG: Stored the security token in the session. {"key":"_security_secure"} []
[2016-11-18 23:13:10] myapp.INFO: Matched route "GET_user_profile_avatar". {"route_parameters":{"_controller":"[object] (Closure: {})","_route":"GET_user_profile_avatar"},"request_uri":"http://bio-prete.c9users.io/user/profile/avatar?t=1479510789"} []
[2016-11-18 23:13:10] myapp.DEBUG: Read existing security token from the session. {"key":"_security_secure"} []
[2016-11-18 23:13:10] myapp.DEBUG: User was reloaded from a user provider. {"username":"invitado@visualgenoma.com","provider":"UserProvider"} []
[2016-11-18 23:13:10] myapp.INFO: > GET /user/profile/avatar?t=1479510789 [] []
[2016-11-18 23:13:10] myapp.INFO: < 200 [] []
[2016-11-18 23:13:10] myapp.DEBUG: Stored the security token in the session. {"key":"_security_secure"} []
[2016-11-18 23:13:42] myapp.INFO: Matched route "GET_intro". {"route_parameters":{"_controller":"[object] (Closure: {})","_route":"GET_intro"},"request_uri":"http://bio-prete.c9users.io/intro"} []
[2016-11-18 23:13:42] myapp.DEBUG: Read existing security token from the session. {"key":"_security_secure"} []
[2016-11-18 23:13:42] myapp.DEBUG: User was reloaded from a user provider. {"username":"invitado@visualgenoma.com","provider":"UserProvider"} []
[2016-11-18 23:13:42] myapp.INFO: > GET /intro [] []
[2016-11-18 23:13:42] myapp.INFO: < 200 [] []
[2016-11-18 23:13:42] myapp.DEBUG: Stored the security token in the session. {"key":"_security_secure"} []
[2016-11-18 23:13:42] myapp.INFO: Matched route "GET_user_profile_avatar". {"route_parameters":{"_controller":"[object] (Closure: {})","_route":"GET_user_profile_avatar"},"request_uri":"http://bio-prete.c9users.io/user/profile/avatar?t=1479510822"} []
[2016-11-18 23:13:42] myapp.DEBUG: Read existing security token from the session. {"key":"_security_secure"} []
[2016-11-18 23:13:42] myapp.DEBUG: User was reloaded from a user provider. {"username":"invitado@visualgenoma.com","provider":"UserProvider"} []
[2016-11-18 23:13:42] myapp.INFO: > GET /user/profile/avatar?t=1479510822 [] []
[2016-11-18 23:13:42] myapp.INFO: < 200 [] []
[2016-11-18 23:13:42] myapp.DEBUG: Stored the security token in the session. {"key":"_security_secure"} []
[2016-11-18 23:13:59] myapp.INFO: Matched route "GET_variants_clinical". {"route_parameters":{"_controller":"[object] (Closure: {})","_route":"GET_variants_clinical"},"request_uri":"http://bio-prete.c9users.io/variants/clinical"} []
[2016-11-18 23:13:59] myapp.DEBUG: Read existing security token from the session. {"key":"_security_secure"} []
[2016-11-18 23:13:59] myapp.DEBUG: User was reloaded from a user provider. {"username":"invitado@visualgenoma.com","provider":"UserProvider"} []
[2016-11-18 23:13:59] myapp.INFO: > GET /variants/clinical [] []
[2016-11-18 23:13:59] myapp.INFO: < 200 [] []
[2016-11-18 23:13:59] myapp.DEBUG: Stored the security token in the session. {"key":"_security_secure"} []
[2016-11-18 23:14:00] myapp.INFO: Matched route "GET_user_profile_avatar". {"route_parameters":{"_controller":"[object] (Closure: {})","_route":"GET_user_profile_avatar"},"request_uri":"http://bio-prete.c9users.io/user/profile/avatar?t=1479510839"} []
[2016-11-18 23:14:00] myapp.DEBUG: Read existing security token from the session. {"key":"_security_secure"} []
[2016-11-18 23:14:00] myapp.DEBUG: User was reloaded from a user provider. {"username":"invitado@visualgenoma.com","provider":"UserProvider"} []
[2016-11-18 23:14:00] myapp.INFO: > GET /user/profile/avatar?t=1479510839 [] []
[2016-11-18 23:14:00] myapp.INFO: < 200 [] []
[2016-11-18 23:14:00] myapp.DEBUG: Stored the security token in the session. {"key":"_security_secure"} []
[2016-11-18 23:14:03] myapp.INFO: Matched route "GET_variants_clinical_benign". {"route_parameters":{"_controller":"[object] (Closure: {})","_route":"GET_variants_clinical_benign"},"request_uri":"http://bio-prete.c9users.io/variants/clinical/benign"} []
[2016-11-18 23:14:03] myapp.DEBUG: Read existing security token from the session. {"key":"_security_secure"} []
[2016-11-18 23:14:03] myapp.DEBUG: User was reloaded from a user provider. {"username":"invitado@visualgenoma.com","provider":"UserProvider"} []
[2016-11-18 23:14:03] myapp.INFO: > GET /variants/clinical/benign [] []
[2016-11-18 23:14:04] myapp.INFO: < 200 [] []
[2016-11-18 23:14:04] myapp.DEBUG: Stored the security token in the session. {"key":"_security_secure"} []
[2016-11-18 23:14:05] myapp.INFO: Matched route "GET_user_profile_avatar". {"route_parameters":{"_controller":"[object] (Closure: {})","_route":"GET_user_profile_avatar"},"request_uri":"http://bio-prete.c9users.io/user/profile/avatar?t=1479510843"} []
[2016-11-18 23:14:05] myapp.DEBUG: Read existing security token from the session. {"key":"_security_secure"} []
[2016-11-18 23:14:05] myapp.DEBUG: User was reloaded from a user provider. {"username":"invitado@visualgenoma.com","provider":"UserProvider"} []
[2016-11-18 23:14:05] myapp.INFO: > GET /user/profile/avatar?t=1479510843 [] []
[2016-11-18 23:14:05] myapp.INFO: < 200 [] []
[2016-11-18 23:14:05] myapp.DEBUG: Stored the security token in the session. {"key":"_security_secure"} []
[2016-11-18 23:14:09] myapp.INFO: Matched route "GET_variants_id_id". {"route_parameters":{"_controller":"[object] (Closure: {})","id":"10585","_route":"GET_variants_id_id"},"request_uri":"http://bio-prete.c9users.io/variants/id/10585"} []
[2016-11-18 23:14:09] myapp.DEBUG: Read existing security token from the session. {"key":"_security_secure"} []
[2016-11-18 23:14:09] myapp.DEBUG: User was reloaded from a user provider. {"username":"invitado@visualgenoma.com","provider":"UserProvider"} []
[2016-11-18 23:14:09] myapp.INFO: > GET /variants/id/10585 [] []
[2016-11-18 23:14:09] myapp.INFO: < 200 [] []
[2016-11-18 23:14:09] myapp.DEBUG: Stored the security token in the session. {"key":"_security_secure"} []
[2016-11-18 23:14:09] myapp.INFO: Matched route "GET_user_profile_avatar". {"route_parameters":{"_controller":"[object] (Closure: {})","_route":"GET_user_profile_avatar"},"request_uri":"http://bio-prete.c9users.io/user/profile/avatar?t=1479510849"} []
[2016-11-18 23:14:09] myapp.DEBUG: Read existing security token from the session. {"key":"_security_secure"} []
[2016-11-18 23:14:09] myapp.DEBUG: User was reloaded from a user provider. {"username":"invitado@visualgenoma.com","provider":"UserProvider"} []
[2016-11-18 23:14:09] myapp.INFO: > GET /user/profile/avatar?t=1479510849 [] []
[2016-11-18 23:14:09] myapp.INFO: < 200 [] []
[2016-11-18 23:14:09] myapp.DEBUG: Stored the security token in the session. {"key":"_security_secure"} []
