[2016-11-06 22:53:30] myapp.INFO: Matched route "GET_". {"route_parameters":{"_controller":"[object] (Closure: {})","_route":"GET_"},"request_uri":"http://bio-prete.c9users.io/"} []
[2016-11-06 22:53:30] myapp.INFO: Populated the TokenStorage with an anonymous Token. [] []
[2016-11-06 22:53:30] myapp.INFO: > GET / [] []
[2016-11-06 22:53:30] myapp.INFO: < 200 [] []
[2016-11-06 22:54:30] myapp.INFO: Matched route "GET_". {"route_parameters":{"_controller":"[object] (Closure: {})","_route":"GET_"},"request_uri":"http://bio-prete.c9users.io/"} []
[2016-11-06 22:54:30] myapp.INFO: Populated the TokenStorage with an anonymous Token. [] []
[2016-11-06 22:54:30] myapp.INFO: > GET / [] []
[2016-11-06 22:54:30] myapp.INFO: < 200 [] []
[2016-11-06 22:54:32] myapp.INFO: Matched route "GET_". {"route_parameters":{"_controller":"[object] (Closure: {})","_route":"GET_"},"request_uri":"http://bio-prete.c9users.io/"} []
[2016-11-06 22:54:32] myapp.INFO: Populated the TokenStorage with an anonymous Token. [] []
[2016-11-06 22:54:32] myapp.INFO: > GET / [] []
[2016-11-06 22:54:32] myapp.INFO: < 200 [] []
[2016-11-06 22:54:33] myapp.INFO: Matched route "GET_dashboard". {"route_parameters":{"_controller":"[object] (Closure: {})","_route":"GET_dashboard"},"request_uri":"http://bio-prete.c9users.io/dashboard"} []
[2016-11-06 22:54:33] myapp.INFO: An AuthenticationException was thrown; redirecting to authentication entry point. {"exception":"[object] (Symfony\\Component\\Security\\Core\\Exception\\AuthenticationCredentialsNotFoundException(code: 0): A Token was not found in the TokenStorage. at /home/ubuntu/workspace/vendor/symfony/security/Http/Firewall/AccessListener.php:53)"} []
[2016-11-06 22:54:33] myapp.DEBUG: Calling Authentication entry point. [] []
[2016-11-06 22:54:33] myapp.INFO: < 302 http://bio-prete.c9users.io/user/login [] []
[2016-11-06 22:54:34] myapp.INFO: Matched route "GET_user_login". {"route_parameters":{"_controller":"[object] (Closure: {})","_route":"GET_user_login"},"request_uri":"http://bio-prete.c9users.io/user/login"} []
[2016-11-06 22:54:34] myapp.INFO: Populated the TokenStorage with an anonymous Token. [] []
[2016-11-06 22:54:34] myapp.INFO: > GET /user/login [] []
[2016-11-06 22:54:34] myapp.INFO: < 200 [] []
[2016-11-06 22:54:43] myapp.INFO: Matched route "let_me_in". {"route_parameters":{"_controller":null,"_route":"let_me_in"},"request_uri":"http://bio-prete.c9users.io/let/me/in"} []
[2016-11-06 22:54:43] myapp.INFO: User has been authenticated successfully. {"username":"invitado@visualgenoma.com"} []
[2016-11-06 22:54:43] myapp.INFO: < 302 /dashboard [] []
[2016-11-06 22:54:43] myapp.DEBUG: Stored the security token in the session. {"key":"_security_secure"} []
[2016-11-06 22:54:44] myapp.INFO: Matched route "GET_dashboard". {"route_parameters":{"_controller":"[object] (Closure: {})","_route":"GET_dashboard"},"request_uri":"http://bio-prete.c9users.io/dashboard"} []
[2016-11-06 22:54:44] myapp.DEBUG: Read existing security token from the session. {"key":"_security_secure"} []
[2016-11-06 22:54:44] myapp.DEBUG: User was reloaded from a user provider. {"username":"invitado@visualgenoma.com","provider":"UserProvider"} []
[2016-11-06 22:54:44] myapp.INFO: > GET /dashboard [] []
[2016-11-06 22:54:44] myapp.INFO: < 200 [] []
[2016-11-06 22:54:44] myapp.DEBUG: Stored the security token in the session. {"key":"_security_secure"} []
[2016-11-06 22:54:45] myapp.INFO: Matched route "GET_user_profile_avatar". {"route_parameters":{"_controller":"[object] (Closure: {})","_route":"GET_user_profile_avatar"},"request_uri":"http://bio-prete.c9users.io/user/profile/avatar?t=1478472884"} []
[2016-11-06 22:54:45] myapp.DEBUG: Read existing security token from the session. {"key":"_security_secure"} []
[2016-11-06 22:54:45] myapp.DEBUG: User was reloaded from a user provider. {"username":"invitado@visualgenoma.com","provider":"UserProvider"} []
[2016-11-06 22:54:45] myapp.INFO: > GET /user/profile/avatar?t=1478472884 [] []
[2016-11-06 22:54:45] myapp.INFO: < 200 [] []
[2016-11-06 22:54:45] myapp.DEBUG: Stored the security token in the session. {"key":"_security_secure"} []
[2016-11-06 22:55:02] myapp.INFO: Matched route "GET_user_profile". {"route_parameters":{"_controller":"[object] (Closure: {})","_route":"GET_user_profile"},"request_uri":"http://bio-prete.c9users.io/user/profile"} []
[2016-11-06 22:55:02] myapp.DEBUG: Read existing security token from the session. {"key":"_security_secure"} []
[2016-11-06 22:55:02] myapp.DEBUG: User was reloaded from a user provider. {"username":"invitado@visualgenoma.com","provider":"UserProvider"} []
[2016-11-06 22:55:02] myapp.INFO: > GET /user/profile [] []
[2016-11-06 22:55:02] myapp.INFO: < 200 [] []
[2016-11-06 22:55:02] myapp.DEBUG: Stored the security token in the session. {"key":"_security_secure"} []
[2016-11-06 22:55:04] myapp.INFO: Matched route "GET_user_profile_avatar". {"route_parameters":{"_controller":"[object] (Closure: {})","_route":"GET_user_profile_avatar"},"request_uri":"http://bio-prete.c9users.io/user/profile/avatar?t=1478472902"} []
[2016-11-06 22:55:04] myapp.DEBUG: Read existing security token from the session. {"key":"_security_secure"} []
[2016-11-06 22:55:04] myapp.DEBUG: User was reloaded from a user provider. {"username":"invitado@visualgenoma.com","provider":"UserProvider"} []
[2016-11-06 22:55:04] myapp.INFO: > GET /user/profile/avatar?t=1478472902 [] []
[2016-11-06 22:55:04] myapp.INFO: < 200 [] []
[2016-11-06 22:55:04] myapp.DEBUG: Stored the security token in the session. {"key":"_security_secure"} []
[2016-11-06 22:55:13] myapp.INFO: Matched route "GET_intro". {"route_parameters":{"_controller":"[object] (Closure: {})","_route":"GET_intro"},"request_uri":"http://bio-prete.c9users.io/intro"} []
[2016-11-06 22:55:13] myapp.DEBUG: Read existing security token from the session. {"key":"_security_secure"} []
[2016-11-06 22:55:13] myapp.DEBUG: User was reloaded from a user provider. {"username":"invitado@visualgenoma.com","provider":"UserProvider"} []
[2016-11-06 22:55:13] myapp.INFO: > GET /intro [] []
[2016-11-06 22:55:14] myapp.INFO: < 200 [] []
[2016-11-06 22:55:14] myapp.DEBUG: Stored the security token in the session. {"key":"_security_secure"} []
[2016-11-06 22:55:15] myapp.INFO: Matched route "GET_user_profile_avatar". {"route_parameters":{"_controller":"[object] (Closure: {})","_route":"GET_user_profile_avatar"},"request_uri":"http://bio-prete.c9users.io/user/profile/avatar?t=1478472914"} []
[2016-11-06 22:55:15] myapp.DEBUG: Read existing security token from the session. {"key":"_security_secure"} []
[2016-11-06 22:55:15] myapp.DEBUG: User was reloaded from a user provider. {"username":"invitado@visualgenoma.com","provider":"UserProvider"} []
[2016-11-06 22:55:15] myapp.INFO: > GET /user/profile/avatar?t=1478472914 [] []
[2016-11-06 22:55:15] myapp.INFO: < 200 [] []
[2016-11-06 22:55:15] myapp.DEBUG: Stored the security token in the session. {"key":"_security_secure"} []
