[2016-11-03 02:54:32] myapp.INFO: Matched route "GET_". {"route_parameters":{"_controller":"[object] (Closure: {})","_route":"GET_"},"request_uri":"http://bio-prete.c9users.io/"} []
[2016-11-03 02:54:32] myapp.INFO: Populated the TokenStorage with an anonymous Token. [] []
[2016-11-03 02:54:32] myapp.INFO: > GET / [] []
[2016-11-03 02:54:32] myapp.INFO: < 200 [] []
[2016-11-03 03:55:57] myapp.INFO: Matched route "GET_". {"route_parameters":{"_controller":"[object] (Closure: {})","_route":"GET_"},"request_uri":"http://bio-prete.c9users.io/"} []
[2016-11-03 03:55:57] myapp.INFO: Populated the TokenStorage with an anonymous Token. [] []
[2016-11-03 03:55:57] myapp.INFO: > GET / [] []
[2016-11-03 03:55:57] myapp.INFO: < 200 [] []
[2016-11-03 03:56:00] myapp.INFO: Matched route "GET_dashboard". {"route_parameters":{"_controller":"[object] (Closure: {})","_route":"GET_dashboard"},"request_uri":"http://bio-prete.c9users.io/dashboard"} []
[2016-11-03 03:56:00] myapp.DEBUG: Read existing security token from the session. {"key":"_security_secure"} []
[2016-11-03 03:56:00] myapp.DEBUG: User was reloaded from a user provider. {"username":"invitado@visualgenoma.com","provider":"UserProvider"} []
[2016-11-03 03:56:00] myapp.INFO: > GET /dashboard [] []
[2016-11-03 03:56:00] myapp.INFO: < 200 [] []
[2016-11-03 03:56:00] myapp.DEBUG: Stored the security token in the session. {"key":"_security_secure"} []
[2016-11-03 03:56:00] myapp.INFO: Matched route "GET_user_profile_avatar". {"route_parameters":{"_controller":"[object] (Closure: {})","_route":"GET_user_profile_avatar"},"request_uri":"http://bio-prete.c9users.io/user/profile/avatar?t=1478145360"} []
[2016-11-03 03:56:00] myapp.DEBUG: Read existing security token from the session. {"key":"_security_secure"} []
[2016-11-03 03:56:00] myapp.DEBUG: User was reloaded from a user provider. {"username":"invitado@visualgenoma.com","provider":"UserProvider"} []
[2016-11-03 03:56:00] myapp.INFO: > GET /user/profile/avatar?t=1478145360 [] []
[2016-11-03 03:56:00] myapp.INFO: < 200 [] []
[2016-11-03 03:56:00] myapp.DEBUG: Stored the security token in the session. {"key":"_security_secure"} []
[2016-11-03 03:56:03] myapp.INFO: Matched route "GET_variants_". {"route_parameters":{"_controller":"[object] (Closure: {})","_route":"GET_variants_"},"request_uri":"http://bio-prete.c9users.io/variants/"} []
[2016-11-03 03:56:03] myapp.DEBUG: Read existing security token from the session. {"key":"_security_secure"} []
[2016-11-03 03:56:03] myapp.DEBUG: User was reloaded from a user provider. {"username":"invitado@visualgenoma.com","provider":"UserProvider"} []
[2016-11-03 03:56:03] myapp.INFO: > GET /variants/ [] []
[2016-11-03 03:56:04] myapp.INFO: < 200 [] []
[2016-11-03 03:56:04] myapp.DEBUG: Stored the security token in the session. {"key":"_security_secure"} []
[2016-11-03 03:56:04] myapp.INFO: Matched route "GET_user_profile_avatar". {"route_parameters":{"_controller":"[object] (Closure: {})","_route":"GET_user_profile_avatar"},"request_uri":"http://bio-prete.c9users.io/user/profile/avatar?t=1478145363"} []
[2016-11-03 03:56:04] myapp.DEBUG: Read existing security token from the session. {"key":"_security_secure"} []
[2016-11-03 03:56:04] myapp.DEBUG: User was reloaded from a user provider. {"username":"invitado@visualgenoma.com","provider":"UserProvider"} []
[2016-11-03 03:56:04] myapp.INFO: > GET /user/profile/avatar?t=1478145363 [] []
[2016-11-03 03:56:04] myapp.INFO: < 200 [] []
[2016-11-03 03:56:04] myapp.DEBUG: Stored the security token in the session. {"key":"_security_secure"} []
[2016-11-03 03:56:05] myapp.INFO: Matched route "GET_variants_id_id". {"route_parameters":{"_controller":"[object] (Closure: {})","id":"10396","_route":"GET_variants_id_id"},"request_uri":"http://bio-prete.c9users.io/variants/id/10396"} []
[2016-11-03 03:56:05] myapp.DEBUG: Read existing security token from the session. {"key":"_security_secure"} []
[2016-11-03 03:56:05] myapp.DEBUG: User was reloaded from a user provider. {"username":"invitado@visualgenoma.com","provider":"UserProvider"} []
[2016-11-03 03:56:05] myapp.INFO: > GET /variants/id/10396 [] []
[2016-11-03 03:56:06] myapp.INFO: < 200 [] []
[2016-11-03 03:56:06] myapp.DEBUG: Stored the security token in the session. {"key":"_security_secure"} []
[2016-11-03 03:56:06] myapp.INFO: Matched route "GET_user_profile_avatar". {"route_parameters":{"_controller":"[object] (Closure: {})","_route":"GET_user_profile_avatar"},"request_uri":"http://bio-prete.c9users.io/user/profile/avatar?t=1478145366"} []
[2016-11-03 03:56:06] myapp.DEBUG: Read existing security token from the session. {"key":"_security_secure"} []
[2016-11-03 03:56:06] myapp.DEBUG: User was reloaded from a user provider. {"username":"invitado@visualgenoma.com","provider":"UserProvider"} []
[2016-11-03 03:56:06] myapp.INFO: > GET /user/profile/avatar?t=1478145366 [] []
[2016-11-03 03:56:06] myapp.INFO: < 200 [] []
[2016-11-03 03:56:06] myapp.DEBUG: Stored the security token in the session. {"key":"_security_secure"} []
