[2019-02-06 17:47:13] myapp.INFO: Matched route "GET_". {"route_parameters":{"_controller":"[object] (Closure: {})","_route":"GET_"},"request_uri":"http://bio-prete.c9users.io/"} []
[2019-02-06 17:47:13] myapp.INFO: Populated the TokenStorage with an anonymous Token. [] []
[2019-02-06 17:47:13] myapp.INFO: > GET / [] []
[2019-02-06 17:47:13] myapp.INFO: < 200 [] []
[2019-02-06 17:47:19] myapp.INFO: Matched route "GET_dashboard". {"route_parameters":{"_controller":"[object] (Closure: {})","_route":"GET_dashboard"},"request_uri":"http://bio-prete.c9users.io/dashboard"} []
[2019-02-06 17:47:19] myapp.INFO: An AuthenticationException was thrown; redirecting to authentication entry point. {"exception":"[object] (Symfony\\Component\\Security\\Core\\Exception\\AuthenticationCredentialsNotFoundException(code: 0): A Token was not found in the TokenStorage. at /home/ubuntu/workspace/vendor/symfony/security/Http/Firewall/AccessListener.php:53)"} []
[2019-02-06 17:47:19] myapp.DEBUG: Calling Authentication entry point. [] []
[2019-02-06 17:47:19] myapp.INFO: < 302 http://bio-prete.c9users.io/user/login [] []
[2019-02-06 17:47:20] myapp.INFO: Matched route "GET_user_login". {"route_parameters":{"_controller":"[object] (Closure: {})","_route":"GET_user_login"},"request_uri":"http://bio-prete.c9users.io/user/login"} []
[2019-02-06 17:47:20] myapp.INFO: Populated the TokenStorage with an anonymous Token. [] []
[2019-02-06 17:47:20] myapp.INFO: > GET /user/login [] []
[2019-02-06 17:47:20] myapp.INFO: < 200 [] []
[2019-02-06 17:47:26] myapp.INFO: Matched route "let_me_in". {"route_parameters":{"_controller":null,"_route":"let_me_in"},"request_uri":"http://bio-prete.c9users.io/let/me/in"} []
[2019-02-06 17:47:26] myapp.INFO: User has been authenticated successfully. {"username":"invitado@visualgenoma.com"} []
[2019-02-06 17:47:26] myapp.INFO: < 302 /dashboard [] []
[2019-02-06 17:47:26] myapp.DEBUG: Stored the security token in the session. {"key":"_security_secure"} []
[2019-02-06 17:47:27] myapp.INFO: Matched route "GET_dashboard". {"route_parameters":{"_controller":"[object] (Closure: {})","_route":"GET_dashboard"},"request_uri":"http://bio-prete.c9users.io/dashboard"} []
[2019-02-06 17:47:27] myapp.DEBUG: Read existing security token from the session. {"key":"_security_secure"} []
[2019-02-06 17:47:27] myapp.DEBUG: User was reloaded from a user provider. {"username":"invitado@visualgenoma.com","provider":"UserProvider"} []
[2019-02-06 17:47:27] myapp.INFO: > GET /dashboard [] []
[2019-02-06 17:47:27] myapp.INFO: < 200 [] []
[2019-02-06 17:47:27] myapp.DEBUG: Stored the security token in the session. {"key":"_security_secure"} []
[2019-02-06 17:47:27] myapp.INFO: Matched route "GET_user_profile_avatar". {"route_parameters":{"_controller":"[object] (Closure: {})","_route":"GET_user_profile_avatar"},"request_uri":"http://bio-prete.c9users.io/user/profile/avatar?t=1549475247"} []
[2019-02-06 17:47:27] myapp.DEBUG: Read existing security token from the session. {"key":"_security_secure"} []
[2019-02-06 17:47:27] myapp.DEBUG: User was reloaded from a user provider. {"username":"invitado@visualgenoma.com","provider":"UserProvider"} []
[2019-02-06 17:47:27] myapp.INFO: > GET /user/profile/avatar?t=1549475247 [] []
[2019-02-06 17:47:27] myapp.INFO: < 200 [] []
[2019-02-06 17:47:27] myapp.DEBUG: Stored the security token in the session. {"key":"_security_secure"} []
[2019-02-06 17:50:53] myapp.INFO: Matched route "GET_". {"route_parameters":{"_controller":"[object] (Closure: {})","_route":"GET_"},"request_uri":"http://bio-prete.c9users.io/"} []
[2019-02-06 17:50:53] myapp.INFO: Populated the TokenStorage with an anonymous Token. [] []
[2019-02-06 17:50:53] myapp.INFO: > GET / [] []
[2019-02-06 17:50:53] myapp.INFO: < 200 [] []
[2019-02-06 17:50:56] myapp.INFO: Matched route "GET_dashboard". {"route_parameters":{"_controller":"[object] (Closure: {})","_route":"GET_dashboard"},"request_uri":"http://bio-prete.c9users.io/dashboard"} []
[2019-02-06 17:50:56] myapp.DEBUG: Read existing security token from the session. {"key":"_security_secure"} []
[2019-02-06 17:50:56] myapp.WARNING: Username could not be found in the selected user provider. {"username":null,"provider":"UserProvider"} []
[2019-02-06 17:50:56] myapp.INFO: An AuthenticationException was thrown; redirecting to authentication entry point. {"exception":"[object] (Symfony\\Component\\Security\\Core\\Exception\\AuthenticationCredentialsNotFoundException(code: 0): A Token was not found in the TokenStorage. at /home/ubuntu/workspace/vendor/symfony/security/Http/Firewall/AccessListener.php:53)"} []
[2019-02-06 17:50:56] myapp.DEBUG: Calling Authentication entry point. [] []
[2019-02-06 17:50:56] myapp.INFO: < 302 http://bio-prete.c9users.io/user/login [] []
[2019-02-06 17:50:57] myapp.INFO: Matched route "GET_user_login". {"route_parameters":{"_controller":"[object] (Closure: {})","_route":"GET_user_login"},"request_uri":"http://bio-prete.c9users.io/user/login"} []
[2019-02-06 17:50:57] myapp.INFO: Populated the TokenStorage with an anonymous Token. [] []
[2019-02-06 17:50:57] myapp.INFO: > GET /user/login [] []
[2019-02-06 17:50:57] myapp.INFO: < 200 [] []
[2019-02-06 17:51:08] myapp.INFO: Matched route "let_me_in". {"route_parameters":{"_controller":null,"_route":"let_me_in"},"request_uri":"http://bio-prete.c9users.io/let/me/in"} []
[2019-02-06 17:51:08] myapp.INFO: User has been authenticated successfully. {"username":"demo@sanger.com"} []
[2019-02-06 17:51:08] myapp.INFO: < 302 /dashboard [] []
[2019-02-06 17:51:08] myapp.DEBUG: Stored the security token in the session. {"key":"_security_secure"} []
[2019-02-06 17:51:09] myapp.INFO: Matched route "GET_dashboard". {"route_parameters":{"_controller":"[object] (Closure: {})","_route":"GET_dashboard"},"request_uri":"http://bio-prete.c9users.io/dashboard"} []
[2019-02-06 17:51:09] myapp.DEBUG: Read existing security token from the session. {"key":"_security_secure"} []
[2019-02-06 17:51:09] myapp.DEBUG: User was reloaded from a user provider. {"username":"demo@sanger.com","provider":"UserProvider"} []
[2019-02-06 17:51:09] myapp.INFO: > GET /dashboard [] []
[2019-02-06 17:51:09] myapp.INFO: < 200 [] []
[2019-02-06 17:51:09] myapp.DEBUG: Stored the security token in the session. {"key":"_security_secure"} []
[2019-02-06 17:51:09] myapp.INFO: Matched route "GET_user_profile_avatar". {"route_parameters":{"_controller":"[object] (Closure: {})","_route":"GET_user_profile_avatar"},"request_uri":"http://bio-prete.c9users.io/user/profile/avatar?t=1549475469"} []
[2019-02-06 17:51:09] myapp.DEBUG: Read existing security token from the session. {"key":"_security_secure"} []
[2019-02-06 17:51:09] myapp.DEBUG: User was reloaded from a user provider. {"username":"demo@sanger.com","provider":"UserProvider"} []
[2019-02-06 17:51:09] myapp.INFO: > GET /user/profile/avatar?t=1549475469 [] []
[2019-02-06 17:51:09] myapp.INFO: < 200 [] []
[2019-02-06 17:51:09] myapp.DEBUG: Stored the security token in the session. {"key":"_security_secure"} []
[2019-02-06 17:51:14] myapp.INFO: Matched route "GET_user_profile". {"route_parameters":{"_controller":"[object] (Closure: {})","_route":"GET_user_profile"},"request_uri":"http://bio-prete.c9users.io/user/profile"} []
[2019-02-06 17:51:14] myapp.DEBUG: Read existing security token from the session. {"key":"_security_secure"} []
[2019-02-06 17:51:14] myapp.DEBUG: User was reloaded from a user provider. {"username":"demo@sanger.com","provider":"UserProvider"} []
[2019-02-06 17:51:14] myapp.INFO: > GET /user/profile [] []
[2019-02-06 17:51:14] myapp.INFO: < 200 [] []
[2019-02-06 17:51:14] myapp.DEBUG: Stored the security token in the session. {"key":"_security_secure"} []
[2019-02-06 17:51:15] myapp.INFO: Matched route "GET_user_profile_avatar". {"route_parameters":{"_controller":"[object] (Closure: {})","_route":"GET_user_profile_avatar"},"request_uri":"http://bio-prete.c9users.io/user/profile/avatar?t=1549475474"} []
[2019-02-06 17:51:15] myapp.DEBUG: Read existing security token from the session. {"key":"_security_secure"} []
[2019-02-06 17:51:15] myapp.DEBUG: User was reloaded from a user provider. {"username":"demo@sanger.com","provider":"UserProvider"} []
[2019-02-06 17:51:15] myapp.INFO: > GET /user/profile/avatar?t=1549475474 [] []
[2019-02-06 17:51:15] myapp.INFO: < 200 [] []
[2019-02-06 17:51:15] myapp.DEBUG: Stored the security token in the session. {"key":"_security_secure"} []
[2019-02-06 17:51:38] myapp.INFO: Matched route "POST_user_profile". {"route_parameters":{"_controller":"[object] (Closure: {})","_route":"POST_user_profile"},"request_uri":"http://bio-prete.c9users.io/user/profile"} []
[2019-02-06 17:51:38] myapp.DEBUG: Read existing security token from the session. {"key":"_security_secure"} []
[2019-02-06 17:51:38] myapp.DEBUG: User was reloaded from a user provider. {"username":"demo@sanger.com","provider":"UserProvider"} []
[2019-02-06 17:51:38] myapp.INFO: > POST /user/profile [] []
[2019-02-06 17:51:38] myapp.INFO: < 200 [] []
[2019-02-06 17:51:38] myapp.DEBUG: Stored the security token in the session. {"key":"_security_secure"} []
[2019-02-06 17:51:38] myapp.INFO: Matched route "GET_user_profile_avatar". {"route_parameters":{"_controller":"[object] (Closure: {})","_route":"GET_user_profile_avatar"},"request_uri":"http://bio-prete.c9users.io/user/profile/avatar?t=1549475498"} []
[2019-02-06 17:51:38] myapp.DEBUG: Read existing security token from the session. {"key":"_security_secure"} []
[2019-02-06 17:51:38] myapp.DEBUG: User was reloaded from a user provider. {"username":"demo@sanger.com","provider":"UserProvider"} []
[2019-02-06 17:51:38] myapp.INFO: > GET /user/profile/avatar?t=1549475498 [] []
[2019-02-06 17:51:38] myapp.INFO: < 200 [] []
[2019-02-06 17:51:38] myapp.DEBUG: Stored the security token in the session. {"key":"_security_secure"} []
[2019-02-06 17:51:44] myapp.INFO: Matched route "GET_intro". {"route_parameters":{"_controller":"[object] (Closure: {})","_route":"GET_intro"},"request_uri":"http://bio-prete.c9users.io/intro"} []
[2019-02-06 17:51:44] myapp.DEBUG: Read existing security token from the session. {"key":"_security_secure"} []
[2019-02-06 17:51:44] myapp.DEBUG: User was reloaded from a user provider. {"username":"demo@sanger.com","provider":"UserProvider"} []
[2019-02-06 17:51:44] myapp.INFO: > GET /intro [] []
[2019-02-06 17:51:44] myapp.INFO: < 200 [] []
[2019-02-06 17:51:44] myapp.DEBUG: Stored the security token in the session. {"key":"_security_secure"} []
[2019-02-06 17:51:46] myapp.INFO: Matched route "GET_user_profile_avatar". {"route_parameters":{"_controller":"[object] (Closure: {})","_route":"GET_user_profile_avatar"},"request_uri":"http://bio-prete.c9users.io/user/profile/avatar?t=1549475504"} []
[2019-02-06 17:51:46] myapp.DEBUG: Read existing security token from the session. {"key":"_security_secure"} []
[2019-02-06 17:51:46] myapp.DEBUG: User was reloaded from a user provider. {"username":"demo@sanger.com","provider":"UserProvider"} []
[2019-02-06 17:51:46] myapp.INFO: > GET /user/profile/avatar?t=1549475504 [] []
[2019-02-06 17:51:46] myapp.INFO: < 200 [] []
[2019-02-06 17:51:46] myapp.DEBUG: Stored the security token in the session. {"key":"_security_secure"} []
[2019-02-06 17:51:53] myapp.INFO: Matched route "GET_dashboard". {"route_parameters":{"_controller":"[object] (Closure: {})","_route":"GET_dashboard"},"request_uri":"http://bio-prete.c9users.io/dashboard"} []
[2019-02-06 17:51:53] myapp.DEBUG: Read existing security token from the session. {"key":"_security_secure"} []
[2019-02-06 17:51:53] myapp.DEBUG: User was reloaded from a user provider. {"username":"demo@sanger.com","provider":"UserProvider"} []
[2019-02-06 17:51:53] myapp.INFO: > GET /dashboard [] []
[2019-02-06 17:51:53] myapp.INFO: < 200 [] []
[2019-02-06 17:51:53] myapp.DEBUG: Stored the security token in the session. {"key":"_security_secure"} []
[2019-02-06 17:51:54] myapp.INFO: Matched route "GET_user_profile_avatar". {"route_parameters":{"_controller":"[object] (Closure: {})","_route":"GET_user_profile_avatar"},"request_uri":"http://bio-prete.c9users.io/user/profile/avatar?t=1549475513"} []
[2019-02-06 17:51:54] myapp.DEBUG: Read existing security token from the session. {"key":"_security_secure"} []
[2019-02-06 17:51:54] myapp.DEBUG: User was reloaded from a user provider. {"username":"demo@sanger.com","provider":"UserProvider"} []
[2019-02-06 17:51:54] myapp.INFO: > GET /user/profile/avatar?t=1549475513 [] []
[2019-02-06 17:51:54] myapp.INFO: < 200 [] []
[2019-02-06 17:51:54] myapp.DEBUG: Stored the security token in the session. {"key":"_security_secure"} []
[2019-02-06 18:05:07] myapp.INFO: Matched route "GET_anatogram_body". {"route_parameters":{"_controller":"[object] (Closure: {})","_route":"GET_anatogram_body"},"request_uri":"http://bio-prete.c9users.io/anatogram/body"} []
[2019-02-06 18:05:07] myapp.DEBUG: Read existing security token from the session. {"key":"_security_secure"} []
[2019-02-06 18:05:07] myapp.DEBUG: User was reloaded from a user provider. {"username":"demo@sanger.com","provider":"UserProvider"} []
[2019-02-06 18:05:07] myapp.INFO: > GET /anatogram/body [] []
[2019-02-06 18:05:07] myapp.INFO: < 200 [] []
[2019-02-06 18:05:07] myapp.DEBUG: Stored the security token in the session. {"key":"_security_secure"} []
[2019-02-06 18:05:08] myapp.INFO: Matched route "GET_user_profile_avatar". {"route_parameters":{"_controller":"[object] (Closure: {})","_route":"GET_user_profile_avatar"},"request_uri":"http://bio-prete.c9users.io/user/profile/avatar?t=1549476307"} []
[2019-02-06 18:05:08] myapp.DEBUG: Read existing security token from the session. {"key":"_security_secure"} []
[2019-02-06 18:05:08] myapp.DEBUG: User was reloaded from a user provider. {"username":"demo@sanger.com","provider":"UserProvider"} []
[2019-02-06 18:05:08] myapp.INFO: > GET /user/profile/avatar?t=1549476307 [] []
[2019-02-06 18:05:08] myapp.INFO: < 200 [] []
[2019-02-06 18:05:08] myapp.DEBUG: Stored the security token in the session. {"key":"_security_secure"} []
[2019-02-06 18:05:09] myapp.INFO: Matched route "GET_gxa_tissues_genes_filter_variants". {"route_parameters":{"_controller":"[object] (Closure: {})","_route":"GET_gxa_tissues_genes_filter_variants"},"request_uri":"http://bio-prete.c9users.io/gxa/tissues/genes/filter/variants"} []
[2019-02-06 18:05:09] myapp.DEBUG: Read existing security token from the session. {"key":"_security_secure"} []
[2019-02-06 18:05:09] myapp.DEBUG: User was reloaded from a user provider. {"username":"demo@sanger.com","provider":"UserProvider"} []
[2019-02-06 18:05:09] myapp.INFO: > GET /gxa/tissues/genes/filter/variants [] []
[2019-02-06 18:05:09] myapp.INFO: < 200 [] []
[2019-02-06 18:05:09] myapp.DEBUG: Stored the security token in the session. {"key":"_security_secure"} []
[2019-02-06 18:14:55] myapp.INFO: Matched route "GET_ancestry_intro". {"route_parameters":{"_controller":"[object] (Closure: {})","_route":"GET_ancestry_intro"},"request_uri":"http://bio-prete.c9users.io/ancestry/intro"} []
[2019-02-06 18:14:55] myapp.DEBUG: Read existing security token from the session. {"key":"_security_secure"} []
[2019-02-06 18:14:55] myapp.DEBUG: User was reloaded from a user provider. {"username":"demo@sanger.com","provider":"UserProvider"} []
[2019-02-06 18:14:55] myapp.INFO: > GET /ancestry/intro [] []
[2019-02-06 18:14:55] myapp.INFO: < 200 [] []
[2019-02-06 18:14:55] myapp.DEBUG: Stored the security token in the session. {"key":"_security_secure"} []
[2019-02-06 18:14:58] myapp.INFO: Matched route "GET_user_profile_avatar". {"route_parameters":{"_controller":"[object] (Closure: {})","_route":"GET_user_profile_avatar"},"request_uri":"http://bio-prete.c9users.io/user/profile/avatar?t=1549476895"} []
[2019-02-06 18:14:58] myapp.DEBUG: Read existing security token from the session. {"key":"_security_secure"} []
[2019-02-06 18:14:58] myapp.DEBUG: User was reloaded from a user provider. {"username":"demo@sanger.com","provider":"UserProvider"} []
[2019-02-06 18:14:58] myapp.INFO: > GET /user/profile/avatar?t=1549476895 [] []
[2019-02-06 18:14:58] myapp.INFO: < 200 [] []
[2019-02-06 18:14:58] myapp.DEBUG: Stored the security token in the session. {"key":"_security_secure"} []
[2019-02-06 18:18:19] myapp.INFO: Matched route "GET_ancestry_worldmap". {"route_parameters":{"_controller":"[object] (Closure: {})","_route":"GET_ancestry_worldmap"},"request_uri":"http://bio-prete.c9users.io/ancestry/worldmap"} []
[2019-02-06 18:18:19] myapp.DEBUG: Read existing security token from the session. {"key":"_security_secure"} []
[2019-02-06 18:18:19] myapp.DEBUG: User was reloaded from a user provider. {"username":"demo@sanger.com","provider":"UserProvider"} []
[2019-02-06 18:18:19] myapp.INFO: > GET /ancestry/worldmap [] []
[2019-02-06 18:18:19] myapp.INFO: < 200 [] []
[2019-02-06 18:18:19] myapp.DEBUG: Stored the security token in the session. {"key":"_security_secure"} []
[2019-02-06 18:18:20] myapp.INFO: Matched route "GET_user_profile_avatar". {"route_parameters":{"_controller":"[object] (Closure: {})","_route":"GET_user_profile_avatar"},"request_uri":"http://bio-prete.c9users.io/user/profile/avatar?t=1549477099"} []
[2019-02-06 18:18:20] myapp.DEBUG: Read existing security token from the session. {"key":"_security_secure"} []
[2019-02-06 18:18:20] myapp.DEBUG: User was reloaded from a user provider. {"username":"demo@sanger.com","provider":"UserProvider"} []
[2019-02-06 18:18:20] myapp.INFO: > GET /user/profile/avatar?t=1549477099 [] []
[2019-02-06 18:18:20] myapp.INFO: < 200 [] []
[2019-02-06 18:18:20] myapp.DEBUG: Stored the security token in the session. {"key":"_security_secure"} []
[2019-02-06 18:18:36] myapp.INFO: Matched route "GET_variants_". {"route_parameters":{"_controller":"[object] (Closure: {})","_route":"GET_variants_"},"request_uri":"http://bio-prete.c9users.io/variants/"} []
[2019-02-06 18:18:36] myapp.DEBUG: Read existing security token from the session. {"key":"_security_secure"} []
[2019-02-06 18:18:36] myapp.DEBUG: User was reloaded from a user provider. {"username":"demo@sanger.com","provider":"UserProvider"} []
[2019-02-06 18:18:36] myapp.INFO: > GET /variants/ [] []
[2019-02-06 18:18:36] myapp.INFO: < 200 [] []
[2019-02-06 18:18:36] myapp.DEBUG: Stored the security token in the session. {"key":"_security_secure"} []
[2019-02-06 18:18:37] myapp.INFO: Matched route "GET_user_profile_avatar". {"route_parameters":{"_controller":"[object] (Closure: {})","_route":"GET_user_profile_avatar"},"request_uri":"http://bio-prete.c9users.io/user/profile/avatar?t=1549477116"} []
[2019-02-06 18:18:37] myapp.DEBUG: Read existing security token from the session. {"key":"_security_secure"} []
[2019-02-06 18:18:37] myapp.DEBUG: User was reloaded from a user provider. {"username":"demo@sanger.com","provider":"UserProvider"} []
[2019-02-06 18:18:37] myapp.INFO: > GET /user/profile/avatar?t=1549477116 [] []
[2019-02-06 18:18:37] myapp.INFO: < 200 [] []
[2019-02-06 18:18:37] myapp.DEBUG: Stored the security token in the session. {"key":"_security_secure"} []
[2019-02-06 18:22:33] myapp.INFO: Matched route "GET_variants_id_id". {"route_parameters":{"_controller":"[object] (Closure: {})","id":"30524","_route":"GET_variants_id_id"},"request_uri":"http://bio-prete.c9users.io/variants/id/30524"} []
[2019-02-06 18:22:33] myapp.DEBUG: Read existing security token from the session. {"key":"_security_secure"} []
[2019-02-06 18:22:33] myapp.DEBUG: User was reloaded from a user provider. {"username":"demo@sanger.com","provider":"UserProvider"} []
[2019-02-06 18:22:33] myapp.INFO: > GET /variants/id/30524 [] []
[2019-02-06 18:22:33] myapp.INFO: < 200 [] []
[2019-02-06 18:22:33] myapp.DEBUG: Stored the security token in the session. {"key":"_security_secure"} []
[2019-02-06 18:22:34] myapp.INFO: Matched route "GET_user_profile_avatar". {"route_parameters":{"_controller":"[object] (Closure: {})","_route":"GET_user_profile_avatar"},"request_uri":"http://bio-prete.c9users.io/user/profile/avatar?t=1549477353"} []
[2019-02-06 18:22:34] myapp.DEBUG: Read existing security token from the session. {"key":"_security_secure"} []
[2019-02-06 18:22:34] myapp.DEBUG: User was reloaded from a user provider. {"username":"demo@sanger.com","provider":"UserProvider"} []
[2019-02-06 18:22:34] myapp.INFO: > GET /user/profile/avatar?t=1549477353 [] []
[2019-02-06 18:22:34] myapp.INFO: < 200 [] []
[2019-02-06 18:22:34] myapp.DEBUG: Stored the security token in the session. {"key":"_security_secure"} []
[2019-02-06 18:23:12] myapp.ERROR: Symfony\Component\HttpKernel\Exception\NotFoundHttpException: No route found for "GET /favicon.ico" (from "http://bio-prete.c9users.io/variants/id/30524") (uncaught exception) at /home/ubuntu/workspace/vendor/symfony/http-kernel/EventListener/RouterListener.php line 176 {"exception":"[object] (Symfony\\Component\\HttpKernel\\Exception\\NotFoundHttpException(code: 0): No route found for \"GET /favicon.ico\" (from \"http://bio-prete.c9users.io/variants/id/30524\") at /home/ubuntu/workspace/vendor/symfony/http-kernel/EventListener/RouterListener.php:176, Symfony\\Component\\Routing\\Exception\\ResourceNotFoundException(code: 0): No routes found for \"/favicon.ico\". at /home/ubuntu/workspace/vendor/symfony/routing/Matcher/UrlMatcher.php:98)"} []
[2019-02-06 18:23:12] myapp.INFO: < 404 [] []
[2019-02-06 18:29:00] myapp.INFO: Matched route "GET_help_modals_id". {"route_parameters":{"_controller":"[object] (Closure: {})","id":"patogenicidad.modal","_route":"GET_help_modals_id"},"request_uri":"http://bio-prete.c9users.io/help/modals/patogenicidad.modal"} []
[2019-02-06 18:29:00] myapp.DEBUG: Read existing security token from the session. {"key":"_security_secure"} []
[2019-02-06 18:29:00] myapp.DEBUG: User was reloaded from a user provider. {"username":"demo@sanger.com","provider":"UserProvider"} []
[2019-02-06 18:29:00] myapp.INFO: > GET /help/modals/patogenicidad.modal [] []
[2019-02-06 18:29:00] myapp.INFO: < 200 [] []
[2019-02-06 18:29:00] myapp.DEBUG: Stored the security token in the session. {"key":"_security_secure"} []
[2019-02-06 18:36:51] myapp.INFO: Matched route "GET_help_modals_id". {"route_parameters":{"_controller":"[object] (Closure: {})","id":"detalle_funcional.modal","_route":"GET_help_modals_id"},"request_uri":"http://bio-prete.c9users.io/help/modals/detalle_funcional.modal"} []
[2019-02-06 18:36:51] myapp.DEBUG: Read existing security token from the session. {"key":"_security_secure"} []
[2019-02-06 18:36:51] myapp.DEBUG: User was reloaded from a user provider. {"username":"demo@sanger.com","provider":"UserProvider"} []
[2019-02-06 18:36:51] myapp.INFO: > GET /help/modals/detalle_funcional.modal [] []
[2019-02-06 18:36:51] myapp.INFO: < 200 [] []
[2019-02-06 18:36:51] myapp.DEBUG: Stored the security token in the session. {"key":"_security_secure"} []
[2019-02-06 18:37:34] myapp.INFO: Matched route "GET_help_modals_id". {"route_parameters":{"_controller":"[object] (Closure: {})","id":"nucleotido.modal","_route":"GET_help_modals_id"},"request_uri":"http://bio-prete.c9users.io/help/modals/nucleotido.modal"} []
[2019-02-06 18:37:34] myapp.DEBUG: Read existing security token from the session. {"key":"_security_secure"} []
[2019-02-06 18:37:34] myapp.DEBUG: User was reloaded from a user provider. {"username":"demo@sanger.com","provider":"UserProvider"} []
[2019-02-06 18:37:34] myapp.INFO: > GET /help/modals/nucleotido.modal [] []
[2019-02-06 18:37:34] myapp.INFO: < 200 [] []
[2019-02-06 18:37:34] myapp.DEBUG: Stored the security token in the session. {"key":"_security_secure"} []
[2019-02-06 18:37:44] myapp.INFO: Matched route "GET_help_modals_id". {"route_parameters":{"_controller":"[object] (Closure: {})","id":"nucleotido.modal","_route":"GET_help_modals_id"},"request_uri":"http://bio-prete.c9users.io/help/modals/nucleotido.modal"} []
[2019-02-06 18:37:44] myapp.DEBUG: Read existing security token from the session. {"key":"_security_secure"} []
[2019-02-06 18:37:44] myapp.DEBUG: User was reloaded from a user provider. {"username":"demo@sanger.com","provider":"UserProvider"} []
[2019-02-06 18:37:44] myapp.INFO: > GET /help/modals/nucleotido.modal [] []
[2019-02-06 18:37:44] myapp.INFO: < 200 [] []
[2019-02-06 18:37:44] myapp.DEBUG: Stored the security token in the session. {"key":"_security_secure"} []
[2019-02-06 18:37:54] myapp.INFO: Matched route "GET_variants_id_id". {"route_parameters":{"_controller":"[object] (Closure: {})","id":"30524","_route":"GET_variants_id_id"},"request_uri":"http://bio-prete.c9users.io/variants/id/30524"} []
[2019-02-06 18:37:54] myapp.DEBUG: Read existing security token from the session. {"key":"_security_secure"} []
[2019-02-06 18:37:54] myapp.DEBUG: User was reloaded from a user provider. {"username":"demo@sanger.com","provider":"UserProvider"} []
[2019-02-06 18:37:54] myapp.INFO: > GET /variants/id/30524 [] []
[2019-02-06 18:37:54] myapp.INFO: < 200 [] []
[2019-02-06 18:37:54] myapp.DEBUG: Stored the security token in the session. {"key":"_security_secure"} []
[2019-02-06 18:37:55] myapp.INFO: Matched route "GET_user_profile_avatar". {"route_parameters":{"_controller":"[object] (Closure: {})","_route":"GET_user_profile_avatar"},"request_uri":"http://bio-prete.c9users.io/user/profile/avatar?t=1549478274"} []
[2019-02-06 18:37:55] myapp.DEBUG: Read existing security token from the session. {"key":"_security_secure"} []
[2019-02-06 18:37:55] myapp.DEBUG: User was reloaded from a user provider. {"username":"demo@sanger.com","provider":"UserProvider"} []
[2019-02-06 18:37:55] myapp.INFO: > GET /user/profile/avatar?t=1549478274 [] []
[2019-02-06 18:37:55] myapp.INFO: < 200 [] []
[2019-02-06 18:37:55] myapp.DEBUG: Stored the security token in the session. {"key":"_security_secure"} []
[2019-02-06 18:38:33] myapp.INFO: Matched route "GET_genome_browser". {"route_parameters":{"_controller":"[object] (Closure: {})","_route":"GET_genome_browser"},"request_uri":"http://bio-prete.c9users.io/genome_browser?r=1%3A1-6298499"} []
[2019-02-06 18:38:33] myapp.DEBUG: Read existing security token from the session. {"key":"_security_secure"} []
[2019-02-06 18:38:33] myapp.DEBUG: User was reloaded from a user provider. {"username":"demo@sanger.com","provider":"UserProvider"} []
[2019-02-06 18:38:33] myapp.INFO: > GET /genome_browser?r=1:1-6298499 [] []
[2019-02-06 18:38:33] myapp.INFO: < 200 [] []
[2019-02-06 18:38:33] myapp.DEBUG: Stored the security token in the session. {"key":"_security_secure"} []
[2019-02-06 18:38:34] myapp.INFO: Matched route "GET_user_profile_avatar". {"route_parameters":{"_controller":"[object] (Closure: {})","_route":"GET_user_profile_avatar"},"request_uri":"http://bio-prete.c9users.io/user/profile/avatar?t=1549478313"} []
[2019-02-06 18:38:34] myapp.DEBUG: Read existing security token from the session. {"key":"_security_secure"} []
[2019-02-06 18:38:34] myapp.DEBUG: User was reloaded from a user provider. {"username":"demo@sanger.com","provider":"UserProvider"} []
[2019-02-06 18:38:34] myapp.INFO: > GET /user/profile/avatar?t=1549478313 [] []
[2019-02-06 18:38:34] myapp.INFO: < 200 [] []
[2019-02-06 18:38:34] myapp.DEBUG: Stored the security token in the session. {"key":"_security_secure"} []
[2019-02-06 18:38:36] myapp.INFO: Matched route "GET_variants_track". {"route_parameters":{"_controller":"[object] (Closure: {})","_route":"GET_variants_track"},"request_uri":"http://bio-prete.c9users.io/variants/track?chr=1&end=12596998&start=1"} []
[2019-02-06 18:38:36] myapp.DEBUG: Read existing security token from the session. {"key":"_security_secure"} []
[2019-02-06 18:38:36] myapp.DEBUG: User was reloaded from a user provider. {"username":"demo@sanger.com","provider":"UserProvider"} []
[2019-02-06 18:38:36] myapp.INFO: > GET /variants/track?chr=1&start=1&end=12596998 [] []
[2019-02-06 18:38:36] myapp.INFO: < 200 [] []
[2019-02-06 18:38:36] myapp.DEBUG: Stored the security token in the session. {"key":"_security_secure"} []
[2019-02-06 18:39:23] myapp.INFO: Matched route "GET_vcf_summary". {"route_parameters":{"_controller":"[object] (Closure: {})","_route":"GET_vcf_summary"},"request_uri":"http://bio-prete.c9users.io/vcf/summary"} []
[2019-02-06 18:39:23] myapp.DEBUG: Read existing security token from the session. {"key":"_security_secure"} []
[2019-02-06 18:39:23] myapp.DEBUG: User was reloaded from a user provider. {"username":"demo@sanger.com","provider":"UserProvider"} []
[2019-02-06 18:39:23] myapp.INFO: > GET /vcf/summary [] []
[2019-02-06 18:39:23] myapp.INFO: < 200 [] []
[2019-02-06 18:39:23] myapp.DEBUG: Stored the security token in the session. {"key":"_security_secure"} []
[2019-02-06 18:39:23] myapp.INFO: Matched route "GET_user_profile_avatar". {"route_parameters":{"_controller":"[object] (Closure: {})","_route":"GET_user_profile_avatar"},"request_uri":"http://bio-prete.c9users.io/user/profile/avatar?t=1549478363"} []
[2019-02-06 18:39:23] myapp.DEBUG: Read existing security token from the session. {"key":"_security_secure"} []
[2019-02-06 18:39:23] myapp.DEBUG: User was reloaded from a user provider. {"username":"demo@sanger.com","provider":"UserProvider"} []
[2019-02-06 18:39:23] myapp.INFO: > GET /user/profile/avatar?t=1549478363 [] []
[2019-02-06 18:39:23] myapp.INFO: < 200 [] []
[2019-02-06 18:39:23] myapp.DEBUG: Stored the security token in the session. {"key":"_security_secure"} []
[2019-02-06 18:39:24] myapp.INFO: Matched route "GET_graphs_source_variants_bars". {"route_parameters":{"_controller":"[object] (Closure: {})","_route":"GET_graphs_source_variants_bars"},"request_uri":"http://bio-prete.c9users.io/graphs/source/variants/bars"} []
[2019-02-06 18:39:24] myapp.DEBUG: Read existing security token from the session. {"key":"_security_secure"} []
[2019-02-06 18:39:24] myapp.DEBUG: User was reloaded from a user provider. {"username":"demo@sanger.com","provider":"UserProvider"} []
[2019-02-06 18:39:24] myapp.INFO: > GET /graphs/source/variants/bars [] []
[2019-02-06 18:39:24] myapp.INFO: < 200 [] []
[2019-02-06 18:39:24] myapp.DEBUG: Stored the security token in the session. {"key":"_security_secure"} []
[2019-02-06 18:39:24] myapp.INFO: Matched route "GET_graphs_source_variants_clinical_hierarchy". {"route_parameters":{"_controller":"[object] (Closure: {})","_route":"GET_graphs_source_variants_clinical_hierarchy"},"request_uri":"http://bio-prete.c9users.io/graphs/source/variants/clinical/hierarchy"} []
[2019-02-06 18:39:24] myapp.DEBUG: Read existing security token from the session. {"key":"_security_secure"} []
[2019-02-06 18:39:24] myapp.DEBUG: User was reloaded from a user provider. {"username":"demo@sanger.com","provider":"UserProvider"} []
[2019-02-06 18:39:24] myapp.INFO: > GET /graphs/source/variants/clinical/hierarchy [] []
[2019-02-06 18:39:24] myapp.INFO: Matched route "GET_graphs_source_variants_pie". {"route_parameters":{"_controller":"[object] (Closure: {})","_route":"GET_graphs_source_variants_pie"},"request_uri":"http://bio-prete.c9users.io/graphs/source/variants/pie"} []
[2019-02-06 18:39:24] myapp.INFO: Matched route "GET_graphs_source_filters_pass_fail_pie". {"route_parameters":{"_controller":"[object] (Closure: {})","_route":"GET_graphs_source_filters_pass_fail_pie"},"request_uri":"http://bio-prete.c9users.io/graphs/source/filters/pass-fail/pie"} []
[2019-02-06 18:39:24] myapp.INFO: < 200 [] []
[2019-02-06 18:39:24] myapp.DEBUG: Stored the security token in the session. {"key":"_security_secure"} []
[2019-02-06 18:39:24] myapp.DEBUG: Read existing security token from the session. {"key":"_security_secure"} []
[2019-02-06 18:39:24] myapp.INFO: Matched route "GET_graphs_source_nucleotides_pie". {"route_parameters":{"_controller":"[object] (Closure: {})","_route":"GET_graphs_source_nucleotides_pie"},"request_uri":"http://bio-prete.c9users.io/graphs/source/nucleotides/pie"} []
[2019-02-06 18:39:24] myapp.DEBUG: User was reloaded from a user provider. {"username":"demo@sanger.com","provider":"UserProvider"} []
[2019-02-06 18:39:24] myapp.INFO: > GET /graphs/source/variants/pie [] []
[2019-02-06 18:39:24] myapp.INFO: Matched route "GET_graphs_source_chromosome_quality_bars". {"route_parameters":{"_controller":"[object] (Closure: {})","_route":"GET_graphs_source_chromosome_quality_bars"},"request_uri":"http://bio-prete.c9users.io/graphs/source/chromosome/quality/bars"} []
[2019-02-06 18:39:24] myapp.INFO: < 200 [] []
[2019-02-06 18:39:24] myapp.DEBUG: Stored the security token in the session. {"key":"_security_secure"} []
[2019-02-06 18:39:24] myapp.DEBUG: Read existing security token from the session. {"key":"_security_secure"} []
[2019-02-06 18:39:24] myapp.DEBUG: User was reloaded from a user provider. {"username":"demo@sanger.com","provider":"UserProvider"} []
[2019-02-06 18:39:24] myapp.INFO: > GET /graphs/source/filters/pass-fail/pie [] []
[2019-02-06 18:39:24] myapp.INFO: < 200 [] []
[2019-02-06 18:39:24] myapp.DEBUG: Stored the security token in the session. {"key":"_security_secure"} []
[2019-02-06 18:39:24] myapp.DEBUG: Read existing security token from the session. {"key":"_security_secure"} []
[2019-02-06 18:39:24] myapp.DEBUG: User was reloaded from a user provider. {"username":"demo@sanger.com","provider":"UserProvider"} []
[2019-02-06 18:39:24] myapp.INFO: > GET /graphs/source/nucleotides/pie [] []
[2019-02-06 18:39:24] myapp.INFO: < 200 [] []
[2019-02-06 18:39:24] myapp.DEBUG: Stored the security token in the session. {"key":"_security_secure"} []
[2019-02-06 18:39:24] myapp.DEBUG: Read existing security token from the session. {"key":"_security_secure"} []
[2019-02-06 18:39:24] myapp.DEBUG: User was reloaded from a user provider. {"username":"demo@sanger.com","provider":"UserProvider"} []
[2019-02-06 18:39:24] myapp.INFO: > GET /graphs/source/chromosome/quality/bars [] []
[2019-02-06 18:39:24] myapp.INFO: < 200 [] []
[2019-02-06 18:39:24] myapp.DEBUG: Stored the security token in the session. {"key":"_security_secure"} []
