[2019-01-24 20:05:43] myapp.INFO: Matched route "GET_". {"route_parameters":{"_controller":"[object] (Closure: {})","_route":"GET_"},"request_uri":"http://bio-prete.c9users.io/"} []
[2019-01-24 20:05:43] myapp.INFO: Populated the TokenStorage with an anonymous Token. [] []
[2019-01-24 20:05:43] myapp.INFO: > GET / [] []
[2019-01-24 20:05:43] myapp.INFO: < 200 [] []
[2019-01-24 20:05:52] myapp.INFO: Matched route "GET_dashboard". {"route_parameters":{"_controller":"[object] (Closure: {})","_route":"GET_dashboard"},"request_uri":"http://bio-prete.c9users.io/dashboard"} []
[2019-01-24 20:05:52] myapp.INFO: An AuthenticationException was thrown; redirecting to authentication entry point. {"exception":"[object] (Symfony\\Component\\Security\\Core\\Exception\\AuthenticationCredentialsNotFoundException(code: 0): A Token was not found in the TokenStorage. at /home/ubuntu/workspace/vendor/symfony/security/Http/Firewall/AccessListener.php:53)"} []
[2019-01-24 20:05:52] myapp.DEBUG: Calling Authentication entry point. [] []
[2019-01-24 20:05:52] myapp.INFO: < 302 http://bio-prete.c9users.io/user/login [] []
[2019-01-24 20:05:52] myapp.INFO: Matched route "GET_user_login". {"route_parameters":{"_controller":"[object] (Closure: {})","_route":"GET_user_login"},"request_uri":"http://bio-prete.c9users.io/user/login"} []
[2019-01-24 20:05:52] myapp.INFO: Populated the TokenStorage with an anonymous Token. [] []
[2019-01-24 20:05:52] myapp.INFO: > GET /user/login [] []
[2019-01-24 20:05:52] myapp.INFO: < 200 [] []
[2019-01-24 20:07:36] myapp.INFO: Matched route "let_me_in". {"route_parameters":{"_controller":null,"_route":"let_me_in"},"request_uri":"http://bio-prete.c9users.io/let/me/in"} []
[2019-01-24 20:07:36] myapp.INFO: User has been authenticated successfully. {"username":"admin@visualgenoma.com"} []
[2019-01-24 20:07:36] myapp.INFO: < 302 /dashboard [] []
[2019-01-24 20:07:36] myapp.DEBUG: Stored the security token in the session. {"key":"_security_secure"} []
[2019-01-24 20:07:37] myapp.INFO: Matched route "GET_dashboard". {"route_parameters":{"_controller":"[object] (Closure: {})","_route":"GET_dashboard"},"request_uri":"http://bio-prete.c9users.io/dashboard"} []
[2019-01-24 20:07:37] myapp.DEBUG: Read existing security token from the session. {"key":"_security_secure"} []
[2019-01-24 20:07:37] myapp.DEBUG: User was reloaded from a user provider. {"username":"admin@visualgenoma.com","provider":"UserProvider"} []
[2019-01-24 20:07:37] myapp.INFO: > GET /dashboard [] []
[2019-01-24 20:07:37] myapp.INFO: < 302 /novcf [] []
[2019-01-24 20:07:37] myapp.DEBUG: Stored the security token in the session. {"key":"_security_secure"} []
[2019-01-24 20:07:37] myapp.INFO: Matched route "GET_novcf". {"route_parameters":{"_controller":"[object] (Closure: {})","_route":"GET_novcf"},"request_uri":"http://bio-prete.c9users.io/novcf"} []
[2019-01-24 20:07:37] myapp.DEBUG: Read existing security token from the session. {"key":"_security_secure"} []
[2019-01-24 20:07:37] myapp.DEBUG: User was reloaded from a user provider. {"username":"admin@visualgenoma.com","provider":"UserProvider"} []
[2019-01-24 20:07:37] myapp.INFO: > GET /novcf [] []
[2019-01-24 20:07:37] myapp.INFO: < 200 [] []
[2019-01-24 20:07:37] myapp.DEBUG: Stored the security token in the session. {"key":"_security_secure"} []
[2019-01-24 20:07:38] myapp.INFO: Matched route "GET_user_profile_avatar". {"route_parameters":{"_controller":"[object] (Closure: {})","_route":"GET_user_profile_avatar"},"request_uri":"http://bio-prete.c9users.io/user/profile/avatar?t=1548360457"} []
[2019-01-24 20:07:38] myapp.DEBUG: Read existing security token from the session. {"key":"_security_secure"} []
[2019-01-24 20:07:38] myapp.DEBUG: User was reloaded from a user provider. {"username":"admin@visualgenoma.com","provider":"UserProvider"} []
[2019-01-24 20:07:38] myapp.INFO: > GET /user/profile/avatar?t=1548360457 [] []
[2019-01-24 20:07:38] myapp.INFO: < 200 [] []
[2019-01-24 20:07:38] myapp.DEBUG: Stored the security token in the session. {"key":"_security_secure"} []
[2019-01-24 20:07:49] myapp.INFO: Matched route "GET_file_upload". {"route_parameters":{"_controller":"[object] (Closure: {})","_route":"GET_file_upload"},"request_uri":"http://bio-prete.c9users.io/file/upload"} []
[2019-01-24 20:07:49] myapp.DEBUG: Read existing security token from the session. {"key":"_security_secure"} []
[2019-01-24 20:07:49] myapp.DEBUG: User was reloaded from a user provider. {"username":"admin@visualgenoma.com","provider":"UserProvider"} []
[2019-01-24 20:07:49] myapp.INFO: > GET /file/upload [] []
[2019-01-24 20:07:49] myapp.INFO: < 200 [] []
[2019-01-24 20:07:49] myapp.DEBUG: Stored the security token in the session. {"key":"_security_secure"} []
[2019-01-24 20:07:49] myapp.INFO: Matched route "GET_user_profile_avatar". {"route_parameters":{"_controller":"[object] (Closure: {})","_route":"GET_user_profile_avatar"},"request_uri":"http://bio-prete.c9users.io/user/profile/avatar?t=1548360469"} []
[2019-01-24 20:07:49] myapp.DEBUG: Read existing security token from the session. {"key":"_security_secure"} []
[2019-01-24 20:07:49] myapp.DEBUG: User was reloaded from a user provider. {"username":"admin@visualgenoma.com","provider":"UserProvider"} []
[2019-01-24 20:07:49] myapp.INFO: > GET /user/profile/avatar?t=1548360469 [] []
[2019-01-24 20:07:49] myapp.INFO: < 200 [] []
[2019-01-24 20:07:49] myapp.DEBUG: Stored the security token in the session. {"key":"_security_secure"} []
[2019-01-24 20:07:50] myapp.INFO: Matched route "GET_faq". {"route_parameters":{"_controller":"[object] (Closure: {})","_route":"GET_faq"},"request_uri":"http://bio-prete.c9users.io/faq"} []
[2019-01-24 20:07:50] myapp.DEBUG: Read existing security token from the session. {"key":"_security_secure"} []
[2019-01-24 20:07:50] myapp.DEBUG: User was reloaded from a user provider. {"username":"admin@visualgenoma.com","provider":"UserProvider"} []
[2019-01-24 20:07:50] myapp.INFO: > GET /faq [] []
[2019-01-24 20:07:50] myapp.INFO: < 200 [] []
[2019-01-24 20:07:50] myapp.DEBUG: Stored the security token in the session. {"key":"_security_secure"} []
[2019-01-24 20:07:51] myapp.INFO: Matched route "GET_user_profile_avatar". {"route_parameters":{"_controller":"[object] (Closure: {})","_route":"GET_user_profile_avatar"},"request_uri":"http://bio-prete.c9users.io/user/profile/avatar?t=1548360470"} []
[2019-01-24 20:07:51] myapp.DEBUG: Read existing security token from the session. {"key":"_security_secure"} []
[2019-01-24 20:07:51] myapp.DEBUG: User was reloaded from a user provider. {"username":"admin@visualgenoma.com","provider":"UserProvider"} []
[2019-01-24 20:07:51] myapp.INFO: > GET /user/profile/avatar?t=1548360470 [] []
[2019-01-24 20:07:51] myapp.INFO: < 200 [] []
[2019-01-24 20:07:51] myapp.DEBUG: Stored the security token in the session. {"key":"_security_secure"} []
[2019-01-24 20:07:51] myapp.INFO: Matched route "GET_about". {"route_parameters":{"_controller":"[object] (Closure: {})","_route":"GET_about"},"request_uri":"http://bio-prete.c9users.io/about"} []
[2019-01-24 20:07:51] myapp.DEBUG: Read existing security token from the session. {"key":"_security_secure"} []
[2019-01-24 20:07:51] myapp.DEBUG: User was reloaded from a user provider. {"username":"admin@visualgenoma.com","provider":"UserProvider"} []
[2019-01-24 20:07:51] myapp.INFO: > GET /about [] []
[2019-01-24 20:07:51] myapp.INFO: < 200 [] []
[2019-01-24 20:07:51] myapp.DEBUG: Stored the security token in the session. {"key":"_security_secure"} []
[2019-01-24 20:07:51] myapp.INFO: Matched route "GET_user_profile_avatar". {"route_parameters":{"_controller":"[object] (Closure: {})","_route":"GET_user_profile_avatar"},"request_uri":"http://bio-prete.c9users.io/user/profile/avatar?t=1548360471"} []
[2019-01-24 20:07:51] myapp.DEBUG: Read existing security token from the session. {"key":"_security_secure"} []
[2019-01-24 20:07:51] myapp.DEBUG: User was reloaded from a user provider. {"username":"admin@visualgenoma.com","provider":"UserProvider"} []
[2019-01-24 20:07:51] myapp.INFO: > GET /user/profile/avatar?t=1548360471 [] []
[2019-01-24 20:07:51] myapp.INFO: < 200 [] []
[2019-01-24 20:07:51] myapp.DEBUG: Stored the security token in the session. {"key":"_security_secure"} []
[2019-01-24 20:07:52] myapp.INFO: Matched route "GET_file_upload". {"route_parameters":{"_controller":"[object] (Closure: {})","_route":"GET_file_upload"},"request_uri":"http://bio-prete.c9users.io/file/upload"} []
[2019-01-24 20:07:52] myapp.DEBUG: Read existing security token from the session. {"key":"_security_secure"} []
[2019-01-24 20:07:52] myapp.DEBUG: User was reloaded from a user provider. {"username":"admin@visualgenoma.com","provider":"UserProvider"} []
[2019-01-24 20:07:52] myapp.INFO: > GET /file/upload [] []
[2019-01-24 20:07:52] myapp.INFO: < 200 [] []
[2019-01-24 20:07:52] myapp.DEBUG: Stored the security token in the session. {"key":"_security_secure"} []
[2019-01-24 20:07:52] myapp.INFO: Matched route "GET_user_profile_avatar". {"route_parameters":{"_controller":"[object] (Closure: {})","_route":"GET_user_profile_avatar"},"request_uri":"http://bio-prete.c9users.io/user/profile/avatar?t=1548360472"} []
[2019-01-24 20:07:52] myapp.DEBUG: Read existing security token from the session. {"key":"_security_secure"} []
[2019-01-24 20:07:52] myapp.DEBUG: User was reloaded from a user provider. {"username":"admin@visualgenoma.com","provider":"UserProvider"} []
[2019-01-24 20:07:52] myapp.INFO: > GET /user/profile/avatar?t=1548360472 [] []
[2019-01-24 20:07:52] myapp.INFO: < 200 [] []
[2019-01-24 20:07:52] myapp.DEBUG: Stored the security token in the session. {"key":"_security_secure"} []
[2019-01-24 20:07:54] myapp.INFO: Matched route "GET_user_logout". {"route_parameters":{"_controller":"[object] (Closure: {})","_route":"GET_user_logout"},"request_uri":"http://bio-prete.c9users.io/user/logout"} []
[2019-01-24 20:07:54] myapp.DEBUG: Read existing security token from the session. {"key":"_security_secure"} []
[2019-01-24 20:07:54] myapp.DEBUG: User was reloaded from a user provider. {"username":"admin@visualgenoma.com","provider":"UserProvider"} []
[2019-01-24 20:07:54] myapp.INFO: < 302 http://bio-prete.c9users.io/ [] []
[2019-01-24 20:07:55] myapp.INFO: Matched route "GET_". {"route_parameters":{"_controller":"[object] (Closure: {})","_route":"GET_"},"request_uri":"http://bio-prete.c9users.io/"} []
[2019-01-24 20:07:55] myapp.INFO: Populated the TokenStorage with an anonymous Token. [] []
[2019-01-24 20:07:55] myapp.INFO: > GET / [] []
[2019-01-24 20:07:55] myapp.INFO: < 200 [] []
[2019-01-24 20:07:56] myapp.INFO: Matched route "GET_dashboard". {"route_parameters":{"_controller":"[object] (Closure: {})","_route":"GET_dashboard"},"request_uri":"http://bio-prete.c9users.io/dashboard"} []
[2019-01-24 20:07:56] myapp.INFO: An AuthenticationException was thrown; redirecting to authentication entry point. {"exception":"[object] (Symfony\\Component\\Security\\Core\\Exception\\AuthenticationCredentialsNotFoundException(code: 0): A Token was not found in the TokenStorage. at /home/ubuntu/workspace/vendor/symfony/security/Http/Firewall/AccessListener.php:53)"} []
[2019-01-24 20:07:56] myapp.DEBUG: Calling Authentication entry point. [] []
[2019-01-24 20:07:56] myapp.INFO: < 302 http://bio-prete.c9users.io/user/login [] []
[2019-01-24 20:07:57] myapp.INFO: Matched route "GET_user_login". {"route_parameters":{"_controller":"[object] (Closure: {})","_route":"GET_user_login"},"request_uri":"http://bio-prete.c9users.io/user/login"} []
[2019-01-24 20:07:57] myapp.INFO: Populated the TokenStorage with an anonymous Token. [] []
[2019-01-24 20:07:57] myapp.INFO: > GET /user/login [] []
[2019-01-24 20:07:57] myapp.INFO: < 200 [] []
[2019-01-24 20:08:07] myapp.INFO: Matched route "let_me_in". {"route_parameters":{"_controller":null,"_route":"let_me_in"},"request_uri":"http://bio-prete.c9users.io/let/me/in"} []
[2019-01-24 20:08:07] myapp.INFO: Authentication request failed. {"exception":"[object] (Symfony\\Component\\Security\\Core\\Exception\\BadCredentialsException(code: 0): Bad credentials. at /home/ubuntu/workspace/vendor/symfony/security/Core/Authentication/Provider/UserAuthenticationProvider.php:90, Symfony\\Component\\Security\\Core\\Exception\\BadCredentialsException(code: 0): The presented password is invalid. at /home/ubuntu/workspace/vendor/symfony/security/Core/Authentication/Provider/DaoAuthenticationProvider.php:67)"} []
[2019-01-24 20:08:07] myapp.INFO: < 200 [] []
[2019-01-24 20:08:16] myapp.INFO: Matched route "let_me_in". {"route_parameters":{"_controller":null,"_route":"let_me_in"},"request_uri":"http://bio-prete.c9users.io/let/me/in"} []
[2019-01-24 20:08:16] myapp.INFO: User has been authenticated successfully. {"username":"invitado@visualgenoma.com"} []
[2019-01-24 20:08:16] myapp.INFO: < 302 /dashboard [] []
[2019-01-24 20:08:16] myapp.DEBUG: Stored the security token in the session. {"key":"_security_secure"} []
[2019-01-24 20:08:17] myapp.INFO: Matched route "GET_dashboard". {"route_parameters":{"_controller":"[object] (Closure: {})","_route":"GET_dashboard"},"request_uri":"http://bio-prete.c9users.io/dashboard"} []
[2019-01-24 20:08:17] myapp.DEBUG: Read existing security token from the session. {"key":"_security_secure"} []
[2019-01-24 20:08:17] myapp.DEBUG: User was reloaded from a user provider. {"username":"invitado@visualgenoma.com","provider":"UserProvider"} []
[2019-01-24 20:08:17] myapp.INFO: > GET /dashboard [] []
[2019-01-24 20:08:17] myapp.INFO: < 200 [] []
[2019-01-24 20:08:17] myapp.DEBUG: Stored the security token in the session. {"key":"_security_secure"} []
[2019-01-24 20:08:17] myapp.INFO: Matched route "GET_user_profile_avatar". {"route_parameters":{"_controller":"[object] (Closure: {})","_route":"GET_user_profile_avatar"},"request_uri":"http://bio-prete.c9users.io/user/profile/avatar?t=1548360497"} []
[2019-01-24 20:08:17] myapp.DEBUG: Read existing security token from the session. {"key":"_security_secure"} []
[2019-01-24 20:08:17] myapp.DEBUG: User was reloaded from a user provider. {"username":"invitado@visualgenoma.com","provider":"UserProvider"} []
[2019-01-24 20:08:17] myapp.INFO: > GET /user/profile/avatar?t=1548360497 [] []
[2019-01-24 20:08:17] myapp.INFO: < 200 [] []
[2019-01-24 20:08:17] myapp.DEBUG: Stored the security token in the session. {"key":"_security_secure"} []
[2019-01-24 20:08:23] myapp.INFO: Matched route "GET_variants_clinical". {"route_parameters":{"_controller":"[object] (Closure: {})","_route":"GET_variants_clinical"},"request_uri":"http://bio-prete.c9users.io/variants/clinical"} []
[2019-01-24 20:08:23] myapp.DEBUG: Read existing security token from the session. {"key":"_security_secure"} []
[2019-01-24 20:08:23] myapp.DEBUG: User was reloaded from a user provider. {"username":"invitado@visualgenoma.com","provider":"UserProvider"} []
[2019-01-24 20:08:23] myapp.INFO: > GET /variants/clinical [] []
[2019-01-24 20:08:23] myapp.INFO: < 200 [] []
[2019-01-24 20:08:23] myapp.DEBUG: Stored the security token in the session. {"key":"_security_secure"} []
[2019-01-24 20:08:24] myapp.INFO: Matched route "GET_user_profile_avatar". {"route_parameters":{"_controller":"[object] (Closure: {})","_route":"GET_user_profile_avatar"},"request_uri":"http://bio-prete.c9users.io/user/profile/avatar?t=1548360503"} []
[2019-01-24 20:08:24] myapp.DEBUG: Read existing security token from the session. {"key":"_security_secure"} []
[2019-01-24 20:08:24] myapp.DEBUG: User was reloaded from a user provider. {"username":"invitado@visualgenoma.com","provider":"UserProvider"} []
[2019-01-24 20:08:24] myapp.INFO: > GET /user/profile/avatar?t=1548360503 [] []
[2019-01-24 20:08:24] myapp.INFO: < 200 [] []
[2019-01-24 20:08:24] myapp.DEBUG: Stored the security token in the session. {"key":"_security_secure"} []
[2019-01-24 20:08:30] myapp.INFO: Matched route "GET_variants_clinical_benign". {"route_parameters":{"_controller":"[object] (Closure: {})","_route":"GET_variants_clinical_benign"},"request_uri":"http://bio-prete.c9users.io/variants/clinical/benign"} []
[2019-01-24 20:08:30] myapp.DEBUG: Read existing security token from the session. {"key":"_security_secure"} []
[2019-01-24 20:08:30] myapp.DEBUG: User was reloaded from a user provider. {"username":"invitado@visualgenoma.com","provider":"UserProvider"} []
[2019-01-24 20:08:30] myapp.INFO: > GET /variants/clinical/benign [] []
[2019-01-24 20:08:30] myapp.INFO: < 200 [] []
[2019-01-24 20:08:30] myapp.DEBUG: Stored the security token in the session. {"key":"_security_secure"} []
[2019-01-24 20:08:30] myapp.INFO: Matched route "GET_user_profile_avatar". {"route_parameters":{"_controller":"[object] (Closure: {})","_route":"GET_user_profile_avatar"},"request_uri":"http://bio-prete.c9users.io/user/profile/avatar?t=1548360510"} []
[2019-01-24 20:08:30] myapp.DEBUG: Read existing security token from the session. {"key":"_security_secure"} []
[2019-01-24 20:08:30] myapp.DEBUG: User was reloaded from a user provider. {"username":"invitado@visualgenoma.com","provider":"UserProvider"} []
[2019-01-24 20:08:30] myapp.INFO: > GET /user/profile/avatar?t=1548360510 [] []
[2019-01-24 20:08:30] myapp.INFO: < 200 [] []
[2019-01-24 20:08:30] myapp.DEBUG: Stored the security token in the session. {"key":"_security_secure"} []
[2019-01-24 20:08:38] myapp.INFO: Matched route "GET_anatogram_body". {"route_parameters":{"_controller":"[object] (Closure: {})","_route":"GET_anatogram_body"},"request_uri":"http://bio-prete.c9users.io/anatogram/body"} []
[2019-01-24 20:08:38] myapp.DEBUG: Read existing security token from the session. {"key":"_security_secure"} []
[2019-01-24 20:08:38] myapp.DEBUG: User was reloaded from a user provider. {"username":"invitado@visualgenoma.com","provider":"UserProvider"} []
[2019-01-24 20:08:38] myapp.INFO: > GET /anatogram/body [] []
[2019-01-24 20:08:38] myapp.INFO: < 200 [] []
[2019-01-24 20:08:38] myapp.DEBUG: Stored the security token in the session. {"key":"_security_secure"} []
[2019-01-24 20:08:38] myapp.INFO: Matched route "GET_user_profile_avatar". {"route_parameters":{"_controller":"[object] (Closure: {})","_route":"GET_user_profile_avatar"},"request_uri":"http://bio-prete.c9users.io/user/profile/avatar?t=1548360518"} []
[2019-01-24 20:08:38] myapp.DEBUG: Read existing security token from the session. {"key":"_security_secure"} []
[2019-01-24 20:08:38] myapp.DEBUG: User was reloaded from a user provider. {"username":"invitado@visualgenoma.com","provider":"UserProvider"} []
[2019-01-24 20:08:38] myapp.INFO: > GET /user/profile/avatar?t=1548360518 [] []
[2019-01-24 20:08:38] myapp.INFO: < 200 [] []
[2019-01-24 20:08:38] myapp.DEBUG: Stored the security token in the session. {"key":"_security_secure"} []
[2019-01-24 20:08:39] myapp.INFO: Matched route "GET_anatogram_body". {"route_parameters":{"_controller":"[object] (Closure: {})","_route":"GET_anatogram_body"},"request_uri":"http://bio-prete.c9users.io/anatogram/body"} []
[2019-01-24 20:08:39] myapp.DEBUG: Read existing security token from the session. {"key":"_security_secure"} []
[2019-01-24 20:08:39] myapp.DEBUG: User was reloaded from a user provider. {"username":"invitado@visualgenoma.com","provider":"UserProvider"} []
[2019-01-24 20:08:39] myapp.INFO: > GET /anatogram/body [] []
[2019-01-24 20:08:39] myapp.INFO: < 200 [] []
[2019-01-24 20:08:39] myapp.DEBUG: Stored the security token in the session. {"key":"_security_secure"} []
[2019-01-24 20:08:39] myapp.INFO: Matched route "GET_user_profile_avatar". {"route_parameters":{"_controller":"[object] (Closure: {})","_route":"GET_user_profile_avatar"},"request_uri":"http://bio-prete.c9users.io/user/profile/avatar?t=1548360519"} []
[2019-01-24 20:08:39] myapp.DEBUG: Read existing security token from the session. {"key":"_security_secure"} []
[2019-01-24 20:08:39] myapp.DEBUG: User was reloaded from a user provider. {"username":"invitado@visualgenoma.com","provider":"UserProvider"} []
[2019-01-24 20:08:39] myapp.INFO: > GET /user/profile/avatar?t=1548360519 [] []
[2019-01-24 20:08:39] myapp.INFO: < 200 [] []
[2019-01-24 20:08:39] myapp.DEBUG: Stored the security token in the session. {"key":"_security_secure"} []
[2019-01-24 20:08:40] myapp.INFO: Matched route "GET_gxa_tissues_genes_filter_variants". {"route_parameters":{"_controller":"[object] (Closure: {})","_route":"GET_gxa_tissues_genes_filter_variants"},"request_uri":"http://bio-prete.c9users.io/gxa/tissues/genes/filter/variants"} []
[2019-01-24 20:08:40] myapp.DEBUG: Read existing security token from the session. {"key":"_security_secure"} []
[2019-01-24 20:08:40] myapp.DEBUG: User was reloaded from a user provider. {"username":"invitado@visualgenoma.com","provider":"UserProvider"} []
[2019-01-24 20:08:40] myapp.INFO: > GET /gxa/tissues/genes/filter/variants [] []
[2019-01-24 20:08:40] myapp.INFO: < 200 [] []
[2019-01-24 20:08:40] myapp.DEBUG: Stored the security token in the session. {"key":"_security_secure"} []
[2019-01-24 20:09:53] myapp.INFO: Matched route "GET_ancestry_intro". {"route_parameters":{"_controller":"[object] (Closure: {})","_route":"GET_ancestry_intro"},"request_uri":"http://bio-prete.c9users.io/ancestry/intro"} []
[2019-01-24 20:09:53] myapp.DEBUG: Read existing security token from the session. {"key":"_security_secure"} []
[2019-01-24 20:09:53] myapp.DEBUG: User was reloaded from a user provider. {"username":"invitado@visualgenoma.com","provider":"UserProvider"} []
[2019-01-24 20:09:53] myapp.INFO: > GET /ancestry/intro [] []
[2019-01-24 20:09:53] myapp.INFO: < 200 [] []
[2019-01-24 20:09:53] myapp.DEBUG: Stored the security token in the session. {"key":"_security_secure"} []
[2019-01-24 20:09:53] myapp.INFO: Matched route "GET_user_profile_avatar". {"route_parameters":{"_controller":"[object] (Closure: {})","_route":"GET_user_profile_avatar"},"request_uri":"http://bio-prete.c9users.io/user/profile/avatar?t=1548360593"} []
[2019-01-24 20:09:53] myapp.DEBUG: Read existing security token from the session. {"key":"_security_secure"} []
[2019-01-24 20:09:53] myapp.DEBUG: User was reloaded from a user provider. {"username":"invitado@visualgenoma.com","provider":"UserProvider"} []
[2019-01-24 20:09:53] myapp.INFO: > GET /user/profile/avatar?t=1548360593 [] []
[2019-01-24 20:09:53] myapp.INFO: < 200 [] []
[2019-01-24 20:09:53] myapp.DEBUG: Stored the security token in the session. {"key":"_security_secure"} []
[2019-01-24 20:10:10] myapp.INFO: Matched route "GET_ancestry_worldmap". {"route_parameters":{"_controller":"[object] (Closure: {})","_route":"GET_ancestry_worldmap"},"request_uri":"http://bio-prete.c9users.io/ancestry/worldmap"} []
[2019-01-24 20:10:10] myapp.DEBUG: Read existing security token from the session. {"key":"_security_secure"} []
[2019-01-24 20:10:10] myapp.DEBUG: User was reloaded from a user provider. {"username":"invitado@visualgenoma.com","provider":"UserProvider"} []
[2019-01-24 20:10:10] myapp.INFO: > GET /ancestry/worldmap [] []
[2019-01-24 20:10:10] myapp.INFO: < 200 [] []
[2019-01-24 20:10:10] myapp.DEBUG: Stored the security token in the session. {"key":"_security_secure"} []
[2019-01-24 20:10:11] myapp.INFO: Matched route "GET_user_profile_avatar". {"route_parameters":{"_controller":"[object] (Closure: {})","_route":"GET_user_profile_avatar"},"request_uri":"http://bio-prete.c9users.io/user/profile/avatar?t=1548360610"} []
[2019-01-24 20:10:11] myapp.DEBUG: Read existing security token from the session. {"key":"_security_secure"} []
[2019-01-24 20:10:11] myapp.DEBUG: User was reloaded from a user provider. {"username":"invitado@visualgenoma.com","provider":"UserProvider"} []
[2019-01-24 20:10:11] myapp.INFO: > GET /user/profile/avatar?t=1548360610 [] []
[2019-01-24 20:10:11] myapp.INFO: < 200 [] []
[2019-01-24 20:10:11] myapp.DEBUG: Stored the security token in the session. {"key":"_security_secure"} []
[2019-01-24 20:10:19] myapp.INFO: Matched route "GET_variants_". {"route_parameters":{"_controller":"[object] (Closure: {})","_route":"GET_variants_"},"request_uri":"http://bio-prete.c9users.io/variants/"} []
[2019-01-24 20:10:19] myapp.DEBUG: Read existing security token from the session. {"key":"_security_secure"} []
[2019-01-24 20:10:19] myapp.DEBUG: User was reloaded from a user provider. {"username":"invitado@visualgenoma.com","provider":"UserProvider"} []
[2019-01-24 20:10:19] myapp.INFO: > GET /variants/ [] []
[2019-01-24 20:10:20] myapp.INFO: < 200 [] []
[2019-01-24 20:10:20] myapp.DEBUG: Stored the security token in the session. {"key":"_security_secure"} []
[2019-01-24 20:10:20] myapp.INFO: Matched route "GET_user_profile_avatar". {"route_parameters":{"_controller":"[object] (Closure: {})","_route":"GET_user_profile_avatar"},"request_uri":"http://bio-prete.c9users.io/user/profile/avatar?t=1548360620"} []
[2019-01-24 20:10:20] myapp.DEBUG: Read existing security token from the session. {"key":"_security_secure"} []
[2019-01-24 20:10:20] myapp.DEBUG: User was reloaded from a user provider. {"username":"invitado@visualgenoma.com","provider":"UserProvider"} []
[2019-01-24 20:10:20] myapp.INFO: > GET /user/profile/avatar?t=1548360620 [] []
[2019-01-24 20:10:20] myapp.INFO: < 200 [] []
[2019-01-24 20:10:20] myapp.DEBUG: Stored the security token in the session. {"key":"_security_secure"} []
[2019-01-24 20:10:24] myapp.INFO: Matched route "GET_genome_browser". {"route_parameters":{"_controller":"[object] (Closure: {})","_route":"GET_genome_browser"},"request_uri":"http://bio-prete.c9users.io/genome_browser?r=1%3A1-6298499"} []
[2019-01-24 20:10:24] myapp.DEBUG: Read existing security token from the session. {"key":"_security_secure"} []
[2019-01-24 20:10:24] myapp.DEBUG: User was reloaded from a user provider. {"username":"invitado@visualgenoma.com","provider":"UserProvider"} []
[2019-01-24 20:10:24] myapp.INFO: > GET /genome_browser?r=1:1-6298499 [] []
[2019-01-24 20:10:24] myapp.INFO: < 200 [] []
[2019-01-24 20:10:24] myapp.DEBUG: Stored the security token in the session. {"key":"_security_secure"} []
[2019-01-24 20:10:24] myapp.INFO: Matched route "GET_user_profile_avatar". {"route_parameters":{"_controller":"[object] (Closure: {})","_route":"GET_user_profile_avatar"},"request_uri":"http://bio-prete.c9users.io/user/profile/avatar?t=1548360624"} []
[2019-01-24 20:10:24] myapp.DEBUG: Read existing security token from the session. {"key":"_security_secure"} []
[2019-01-24 20:10:24] myapp.DEBUG: User was reloaded from a user provider. {"username":"invitado@visualgenoma.com","provider":"UserProvider"} []
[2019-01-24 20:10:24] myapp.INFO: > GET /user/profile/avatar?t=1548360624 [] []
[2019-01-24 20:10:24] myapp.INFO: < 200 [] []
[2019-01-24 20:10:24] myapp.DEBUG: Stored the security token in the session. {"key":"_security_secure"} []
[2019-01-24 20:10:26] myapp.INFO: Matched route "GET_variants_track". {"route_parameters":{"_controller":"[object] (Closure: {})","_route":"GET_variants_track"},"request_uri":"http://bio-prete.c9users.io/variants/track?chr=1&end=12596998&start=1"} []
[2019-01-24 20:10:26] myapp.DEBUG: Read existing security token from the session. {"key":"_security_secure"} []
[2019-01-24 20:10:26] myapp.DEBUG: User was reloaded from a user provider. {"username":"invitado@visualgenoma.com","provider":"UserProvider"} []
[2019-01-24 20:10:26] myapp.INFO: > GET /variants/track?chr=1&start=1&end=12596998 [] []
[2019-01-24 20:10:26] myapp.INFO: < 200 [] []
[2019-01-24 20:10:26] myapp.DEBUG: Stored the security token in the session. {"key":"_security_secure"} []
[2019-01-24 20:10:33] myapp.INFO: Matched route "GET_vcf_summary". {"route_parameters":{"_controller":"[object] (Closure: {})","_route":"GET_vcf_summary"},"request_uri":"http://bio-prete.c9users.io/vcf/summary"} []
[2019-01-24 20:10:33] myapp.DEBUG: Read existing security token from the session. {"key":"_security_secure"} []
[2019-01-24 20:10:33] myapp.DEBUG: User was reloaded from a user provider. {"username":"invitado@visualgenoma.com","provider":"UserProvider"} []
[2019-01-24 20:10:33] myapp.INFO: > GET /vcf/summary [] []
[2019-01-24 20:10:33] myapp.INFO: < 200 [] []
[2019-01-24 20:10:33] myapp.DEBUG: Stored the security token in the session. {"key":"_security_secure"} []
[2019-01-24 20:10:33] myapp.INFO: Matched route "GET_user_profile_avatar". {"route_parameters":{"_controller":"[object] (Closure: {})","_route":"GET_user_profile_avatar"},"request_uri":"http://bio-prete.c9users.io/user/profile/avatar?t=1548360633"} []
[2019-01-24 20:10:33] myapp.DEBUG: Read existing security token from the session. {"key":"_security_secure"} []
[2019-01-24 20:10:33] myapp.DEBUG: User was reloaded from a user provider. {"username":"invitado@visualgenoma.com","provider":"UserProvider"} []
[2019-01-24 20:10:33] myapp.INFO: > GET /user/profile/avatar?t=1548360633 [] []
[2019-01-24 20:10:33] myapp.INFO: < 200 [] []
[2019-01-24 20:10:33] myapp.DEBUG: Stored the security token in the session. {"key":"_security_secure"} []
[2019-01-24 20:10:34] myapp.INFO: Matched route "GET_graphs_source_variants_bars". {"route_parameters":{"_controller":"[object] (Closure: {})","_route":"GET_graphs_source_variants_bars"},"request_uri":"http://bio-prete.c9users.io/graphs/source/variants/bars"} []
[2019-01-24 20:10:34] myapp.DEBUG: Read existing security token from the session. {"key":"_security_secure"} []
[2019-01-24 20:10:34] myapp.DEBUG: User was reloaded from a user provider. {"username":"invitado@visualgenoma.com","provider":"UserProvider"} []
[2019-01-24 20:10:34] myapp.INFO: > GET /graphs/source/variants/bars [] []
[2019-01-24 20:10:34] myapp.INFO: < 200 [] []
[2019-01-24 20:10:34] myapp.DEBUG: Stored the security token in the session. {"key":"_security_secure"} []
[2019-01-24 20:10:34] myapp.INFO: Matched route "GET_graphs_source_variants_pie". {"route_parameters":{"_controller":"[object] (Closure: {})","_route":"GET_graphs_source_variants_pie"},"request_uri":"http://bio-prete.c9users.io/graphs/source/variants/pie"} []
[2019-01-24 20:10:34] myapp.INFO: Matched route "GET_graphs_source_nucleotides_pie". {"route_parameters":{"_controller":"[object] (Closure: {})","_route":"GET_graphs_source_nucleotides_pie"},"request_uri":"http://bio-prete.c9users.io/graphs/source/nucleotides/pie"} []
[2019-01-24 20:10:34] myapp.DEBUG: Read existing security token from the session. {"key":"_security_secure"} []
[2019-01-24 20:10:34] myapp.INFO: Matched route "GET_graphs_source_variants_clinical_hierarchy". {"route_parameters":{"_controller":"[object] (Closure: {})","_route":"GET_graphs_source_variants_clinical_hierarchy"},"request_uri":"http://bio-prete.c9users.io/graphs/source/variants/clinical/hierarchy"} []
[2019-01-24 20:10:34] myapp.DEBUG: User was reloaded from a user provider. {"username":"invitado@visualgenoma.com","provider":"UserProvider"} []
[2019-01-24 20:10:34] myapp.INFO: > GET /graphs/source/variants/pie [] []
[2019-01-24 20:10:34] myapp.INFO: < 200 [] []
[2019-01-24 20:10:34] myapp.DEBUG: Stored the security token in the session. {"key":"_security_secure"} []
[2019-01-24 20:10:34] myapp.INFO: Matched route "GET_graphs_source_filters_pass_fail_pie". {"route_parameters":{"_controller":"[object] (Closure: {})","_route":"GET_graphs_source_filters_pass_fail_pie"},"request_uri":"http://bio-prete.c9users.io/graphs/source/filters/pass-fail/pie"} []
[2019-01-24 20:10:34] myapp.DEBUG: Read existing security token from the session. {"key":"_security_secure"} []
[2019-01-24 20:10:34] myapp.DEBUG: User was reloaded from a user provider. {"username":"invitado@visualgenoma.com","provider":"UserProvider"} []
[2019-01-24 20:10:34] myapp.INFO: > GET /graphs/source/nucleotides/pie [] []
[2019-01-24 20:10:34] myapp.INFO: Matched route "GET_graphs_source_chromosome_quality_bars". {"route_parameters":{"_controller":"[object] (Closure: {})","_route":"GET_graphs_source_chromosome_quality_bars"},"request_uri":"http://bio-prete.c9users.io/graphs/source/chromosome/quality/bars"} []
[2019-01-24 20:10:34] myapp.INFO: < 200 [] []
[2019-01-24 20:10:34] myapp.DEBUG: Stored the security token in the session. {"key":"_security_secure"} []
[2019-01-24 20:10:34] myapp.DEBUG: Read existing security token from the session. {"key":"_security_secure"} []
[2019-01-24 20:10:34] myapp.DEBUG: User was reloaded from a user provider. {"username":"invitado@visualgenoma.com","provider":"UserProvider"} []
[2019-01-24 20:10:34] myapp.INFO: > GET /graphs/source/variants/clinical/hierarchy [] []
[2019-01-24 20:10:34] myapp.INFO: < 200 [] []
[2019-01-24 20:10:34] myapp.DEBUG: Stored the security token in the session. {"key":"_security_secure"} []
[2019-01-24 20:10:34] myapp.DEBUG: Read existing security token from the session. {"key":"_security_secure"} []
[2019-01-24 20:10:34] myapp.DEBUG: User was reloaded from a user provider. {"username":"invitado@visualgenoma.com","provider":"UserProvider"} []
[2019-01-24 20:10:34] myapp.INFO: > GET /graphs/source/filters/pass-fail/pie [] []
[2019-01-24 20:10:34] myapp.INFO: < 200 [] []
[2019-01-24 20:10:34] myapp.DEBUG: Stored the security token in the session. {"key":"_security_secure"} []
[2019-01-24 20:10:34] myapp.DEBUG: Read existing security token from the session. {"key":"_security_secure"} []
[2019-01-24 20:10:34] myapp.DEBUG: User was reloaded from a user provider. {"username":"invitado@visualgenoma.com","provider":"UserProvider"} []
[2019-01-24 20:10:34] myapp.INFO: > GET /graphs/source/chromosome/quality/bars [] []
[2019-01-24 20:10:34] myapp.INFO: < 200 [] []
[2019-01-24 20:10:34] myapp.DEBUG: Stored the security token in the session. {"key":"_security_secure"} []
[2019-01-24 20:10:54] myapp.INFO: Matched route "GET_reports". {"route_parameters":{"_controller":"[object] (Closure: {})","_route":"GET_reports"},"request_uri":"http://bio-prete.c9users.io/reports"} []
[2019-01-24 20:10:54] myapp.DEBUG: Read existing security token from the session. {"key":"_security_secure"} []
[2019-01-24 20:10:54] myapp.DEBUG: User was reloaded from a user provider. {"username":"invitado@visualgenoma.com","provider":"UserProvider"} []
[2019-01-24 20:10:54] myapp.INFO: > GET /reports [] []
[2019-01-24 20:10:54] myapp.INFO: < 200 [] []
[2019-01-24 20:10:54] myapp.DEBUG: Stored the security token in the session. {"key":"_security_secure"} []
[2019-01-24 20:10:54] myapp.INFO: Matched route "GET_user_profile_avatar". {"route_parameters":{"_controller":"[object] (Closure: {})","_route":"GET_user_profile_avatar"},"request_uri":"http://bio-prete.c9users.io/user/profile/avatar?t=1548360654"} []
[2019-01-24 20:10:54] myapp.DEBUG: Read existing security token from the session. {"key":"_security_secure"} []
[2019-01-24 20:10:54] myapp.DEBUG: User was reloaded from a user provider. {"username":"invitado@visualgenoma.com","provider":"UserProvider"} []
[2019-01-24 20:10:54] myapp.INFO: > GET /user/profile/avatar?t=1548360654 [] []
[2019-01-24 20:10:54] myapp.INFO: < 200 [] []
[2019-01-24 20:10:54] myapp.DEBUG: Stored the security token in the session. {"key":"_security_secure"} []
[2019-01-24 20:11:00] myapp.INFO: Matched route "GET_user_logout". {"route_parameters":{"_controller":"[object] (Closure: {})","_route":"GET_user_logout"},"request_uri":"http://bio-prete.c9users.io/user/logout"} []
[2019-01-24 20:11:00] myapp.DEBUG: Read existing security token from the session. {"key":"_security_secure"} []
[2019-01-24 20:11:00] myapp.DEBUG: User was reloaded from a user provider. {"username":"invitado@visualgenoma.com","provider":"UserProvider"} []
[2019-01-24 20:11:00] myapp.INFO: < 302 http://bio-prete.c9users.io/ [] []
[2019-01-24 20:11:01] myapp.INFO: Matched route "GET_". {"route_parameters":{"_controller":"[object] (Closure: {})","_route":"GET_"},"request_uri":"http://bio-prete.c9users.io/"} []
[2019-01-24 20:11:01] myapp.INFO: Populated the TokenStorage with an anonymous Token. [] []
[2019-01-24 20:11:01] myapp.INFO: > GET / [] []
[2019-01-24 20:11:01] myapp.INFO: < 200 [] []
