[2019-01-31 13:35:59] myapp.ERROR: Symfony\Component\HttpKernel\Exception\NotFoundHttpException: No route found for "GET /robots.txt" (uncaught exception) at /home/ubuntu/workspace/vendor/symfony/http-kernel/EventListener/RouterListener.php line 176 {"exception":"[object] (Symfony\\Component\\HttpKernel\\Exception\\NotFoundHttpException(code: 0): No route found for \"GET /robots.txt\" at /home/ubuntu/workspace/vendor/symfony/http-kernel/EventListener/RouterListener.php:176, Symfony\\Component\\Routing\\Exception\\ResourceNotFoundException(code: 0): No routes found for \"/robots.txt\". at /home/ubuntu/workspace/vendor/symfony/routing/Matcher/UrlMatcher.php:98)"} []
[2019-01-31 13:35:59] myapp.INFO: < 404 [] []
[2019-01-31 13:36:01] myapp.ERROR: Symfony\Component\HttpKernel\Exception\NotFoundHttpException: No route found for "GET /favicon.ico" (from "https://bio-prete.c9users.io/") (uncaught exception) at /home/ubuntu/workspace/vendor/symfony/http-kernel/EventListener/RouterListener.php line 176 {"exception":"[object] (Symfony\\Component\\HttpKernel\\Exception\\NotFoundHttpException(code: 0): No route found for \"GET /favicon.ico\" (from \"https://bio-prete.c9users.io/\") at /home/ubuntu/workspace/vendor/symfony/http-kernel/EventListener/RouterListener.php:176, Symfony\\Component\\Routing\\Exception\\ResourceNotFoundException(code: 0): No routes found for \"/favicon.ico\". at /home/ubuntu/workspace/vendor/symfony/routing/Matcher/UrlMatcher.php:98)"} []
[2019-01-31 13:36:01] myapp.INFO: < 404 [] []
[2019-01-31 13:36:27] myapp.INFO: Matched route "GET_". {"route_parameters":{"_controller":"[object] (Closure: {})","_route":"GET_"},"request_uri":"http://bio-prete.c9users.io/"} []
[2019-01-31 13:36:27] myapp.INFO: Populated the TokenStorage with an anonymous Token. [] []
[2019-01-31 13:36:27] myapp.INFO: > GET / [] []
[2019-01-31 13:36:27] myapp.INFO: < 200 [] []
[2019-01-31 13:40:17] myapp.INFO: Matched route "GET_dashboard". {"route_parameters":{"_controller":"[object] (Closure: {})","_route":"GET_dashboard"},"request_uri":"http://bio-prete.c9users.io/dashboard"} []
[2019-01-31 13:40:17] myapp.INFO: An AuthenticationException was thrown; redirecting to authentication entry point. {"exception":"[object] (Symfony\\Component\\Security\\Core\\Exception\\AuthenticationCredentialsNotFoundException(code: 0): A Token was not found in the TokenStorage. at /home/ubuntu/workspace/vendor/symfony/security/Http/Firewall/AccessListener.php:53)"} []
[2019-01-31 13:40:17] myapp.DEBUG: Calling Authentication entry point. [] []
[2019-01-31 13:40:17] myapp.INFO: < 302 http://bio-prete.c9users.io/user/login [] []
[2019-01-31 13:40:17] myapp.INFO: Matched route "GET_user_login". {"route_parameters":{"_controller":"[object] (Closure: {})","_route":"GET_user_login"},"request_uri":"http://bio-prete.c9users.io/user/login"} []
[2019-01-31 13:40:17] myapp.INFO: Populated the TokenStorage with an anonymous Token. [] []
[2019-01-31 13:40:17] myapp.INFO: > GET /user/login [] []
[2019-01-31 13:40:17] myapp.INFO: < 200 [] []
[2019-01-31 13:40:29] myapp.INFO: Matched route "let_me_in". {"route_parameters":{"_controller":null,"_route":"let_me_in"},"request_uri":"http://bio-prete.c9users.io/let/me/in"} []
[2019-01-31 13:40:29] myapp.INFO: User has been authenticated successfully. {"username":"invitado@visualgenoma.com"} []
[2019-01-31 13:40:29] myapp.INFO: < 302 /dashboard [] []
[2019-01-31 13:40:29] myapp.DEBUG: Stored the security token in the session. {"key":"_security_secure"} []
[2019-01-31 13:40:30] myapp.INFO: Matched route "GET_dashboard". {"route_parameters":{"_controller":"[object] (Closure: {})","_route":"GET_dashboard"},"request_uri":"http://bio-prete.c9users.io/dashboard"} []
[2019-01-31 13:40:30] myapp.DEBUG: Read existing security token from the session. {"key":"_security_secure"} []
[2019-01-31 13:40:30] myapp.DEBUG: User was reloaded from a user provider. {"username":"invitado@visualgenoma.com","provider":"UserProvider"} []
[2019-01-31 13:40:30] myapp.INFO: > GET /dashboard [] []
[2019-01-31 13:40:30] myapp.INFO: < 200 [] []
[2019-01-31 13:40:30] myapp.DEBUG: Stored the security token in the session. {"key":"_security_secure"} []
[2019-01-31 13:40:31] myapp.INFO: Matched route "GET_user_profile_avatar". {"route_parameters":{"_controller":"[object] (Closure: {})","_route":"GET_user_profile_avatar"},"request_uri":"http://bio-prete.c9users.io/user/profile/avatar?t=1548942030"} []
[2019-01-31 13:40:31] myapp.DEBUG: Read existing security token from the session. {"key":"_security_secure"} []
[2019-01-31 13:40:31] myapp.DEBUG: User was reloaded from a user provider. {"username":"invitado@visualgenoma.com","provider":"UserProvider"} []
[2019-01-31 13:40:31] myapp.INFO: > GET /user/profile/avatar?t=1548942030 [] []
[2019-01-31 13:40:31] myapp.INFO: < 200 [] []
[2019-01-31 13:40:31] myapp.DEBUG: Stored the security token in the session. {"key":"_security_secure"} []
[2019-01-31 13:40:41] myapp.INFO: Matched route "GET_vcf_summary". {"route_parameters":{"_controller":"[object] (Closure: {})","_route":"GET_vcf_summary"},"request_uri":"http://bio-prete.c9users.io/vcf/summary"} []
[2019-01-31 13:40:41] myapp.DEBUG: Read existing security token from the session. {"key":"_security_secure"} []
[2019-01-31 13:40:41] myapp.DEBUG: User was reloaded from a user provider. {"username":"invitado@visualgenoma.com","provider":"UserProvider"} []
[2019-01-31 13:40:41] myapp.INFO: > GET /vcf/summary [] []
[2019-01-31 13:40:41] myapp.INFO: < 200 [] []
[2019-01-31 13:40:41] myapp.DEBUG: Stored the security token in the session. {"key":"_security_secure"} []
[2019-01-31 13:40:41] myapp.INFO: Matched route "GET_user_profile_avatar". {"route_parameters":{"_controller":"[object] (Closure: {})","_route":"GET_user_profile_avatar"},"request_uri":"http://bio-prete.c9users.io/user/profile/avatar?t=1548942041"} []
[2019-01-31 13:40:41] myapp.DEBUG: Read existing security token from the session. {"key":"_security_secure"} []
[2019-01-31 13:40:41] myapp.DEBUG: User was reloaded from a user provider. {"username":"invitado@visualgenoma.com","provider":"UserProvider"} []
[2019-01-31 13:40:41] myapp.INFO: > GET /user/profile/avatar?t=1548942041 [] []
[2019-01-31 13:40:41] myapp.INFO: < 200 [] []
[2019-01-31 13:40:41] myapp.DEBUG: Stored the security token in the session. {"key":"_security_secure"} []
[2019-01-31 13:40:44] myapp.INFO: Matched route "GET_graphs_source_variants_bars". {"route_parameters":{"_controller":"[object] (Closure: {})","_route":"GET_graphs_source_variants_bars"},"request_uri":"http://bio-prete.c9users.io/graphs/source/variants/bars"} []
[2019-01-31 13:40:44] myapp.DEBUG: Read existing security token from the session. {"key":"_security_secure"} []
[2019-01-31 13:40:44] myapp.DEBUG: User was reloaded from a user provider. {"username":"invitado@visualgenoma.com","provider":"UserProvider"} []
[2019-01-31 13:40:44] myapp.INFO: > GET /graphs/source/variants/bars [] []
[2019-01-31 13:40:44] myapp.INFO: < 200 [] []
[2019-01-31 13:40:44] myapp.DEBUG: Stored the security token in the session. {"key":"_security_secure"} []
[2019-01-31 13:40:44] myapp.INFO: Matched route "GET_graphs_source_variants_pie". {"route_parameters":{"_controller":"[object] (Closure: {})","_route":"GET_graphs_source_variants_pie"},"request_uri":"http://bio-prete.c9users.io/graphs/source/variants/pie"} []
[2019-01-31 13:40:44] myapp.DEBUG: Read existing security token from the session. {"key":"_security_secure"} []
[2019-01-31 13:40:44] myapp.DEBUG: User was reloaded from a user provider. {"username":"invitado@visualgenoma.com","provider":"UserProvider"} []
[2019-01-31 13:40:44] myapp.INFO: > GET /graphs/source/variants/pie [] []
[2019-01-31 13:40:44] myapp.INFO: < 200 [] []
[2019-01-31 13:40:44] myapp.DEBUG: Stored the security token in the session. {"key":"_security_secure"} []
[2019-01-31 13:40:44] myapp.INFO: Matched route "GET_graphs_source_nucleotides_pie". {"route_parameters":{"_controller":"[object] (Closure: {})","_route":"GET_graphs_source_nucleotides_pie"},"request_uri":"http://bio-prete.c9users.io/graphs/source/nucleotides/pie"} []
[2019-01-31 13:40:44] myapp.DEBUG: Read existing security token from the session. {"key":"_security_secure"} []
[2019-01-31 13:40:44] myapp.DEBUG: User was reloaded from a user provider. {"username":"invitado@visualgenoma.com","provider":"UserProvider"} []
[2019-01-31 13:40:44] myapp.INFO: > GET /graphs/source/nucleotides/pie [] []
[2019-01-31 13:40:44] myapp.INFO: < 200 [] []
[2019-01-31 13:40:44] myapp.DEBUG: Stored the security token in the session. {"key":"_security_secure"} []
[2019-01-31 13:40:44] myapp.INFO: Matched route "GET_graphs_source_variants_clinical_hierarchy". {"route_parameters":{"_controller":"[object] (Closure: {})","_route":"GET_graphs_source_variants_clinical_hierarchy"},"request_uri":"http://bio-prete.c9users.io/graphs/source/variants/clinical/hierarchy"} []
[2019-01-31 13:40:44] myapp.DEBUG: Read existing security token from the session. {"key":"_security_secure"} []
[2019-01-31 13:40:44] myapp.DEBUG: User was reloaded from a user provider. {"username":"invitado@visualgenoma.com","provider":"UserProvider"} []
[2019-01-31 13:40:44] myapp.INFO: > GET /graphs/source/variants/clinical/hierarchy [] []
[2019-01-31 13:40:44] myapp.INFO: < 200 [] []
[2019-01-31 13:40:44] myapp.DEBUG: Stored the security token in the session. {"key":"_security_secure"} []
[2019-01-31 13:40:44] myapp.INFO: Matched route "GET_graphs_source_chromosome_quality_bars". {"route_parameters":{"_controller":"[object] (Closure: {})","_route":"GET_graphs_source_chromosome_quality_bars"},"request_uri":"http://bio-prete.c9users.io/graphs/source/chromosome/quality/bars"} []
[2019-01-31 13:40:44] myapp.DEBUG: Read existing security token from the session. {"key":"_security_secure"} []
[2019-01-31 13:40:44] myapp.DEBUG: User was reloaded from a user provider. {"username":"invitado@visualgenoma.com","provider":"UserProvider"} []
[2019-01-31 13:40:44] myapp.INFO: > GET /graphs/source/chromosome/quality/bars [] []
[2019-01-31 13:40:44] myapp.INFO: < 200 [] []
[2019-01-31 13:40:44] myapp.DEBUG: Stored the security token in the session. {"key":"_security_secure"} []
[2019-01-31 13:40:44] myapp.INFO: Matched route "GET_graphs_source_filters_pass_fail_pie". {"route_parameters":{"_controller":"[object] (Closure: {})","_route":"GET_graphs_source_filters_pass_fail_pie"},"request_uri":"http://bio-prete.c9users.io/graphs/source/filters/pass-fail/pie"} []
[2019-01-31 13:40:44] myapp.DEBUG: Read existing security token from the session. {"key":"_security_secure"} []
[2019-01-31 13:40:44] myapp.DEBUG: User was reloaded from a user provider. {"username":"invitado@visualgenoma.com","provider":"UserProvider"} []
[2019-01-31 13:40:44] myapp.INFO: > GET /graphs/source/filters/pass-fail/pie [] []
[2019-01-31 13:40:44] myapp.INFO: < 200 [] []
[2019-01-31 13:40:44] myapp.DEBUG: Stored the security token in the session. {"key":"_security_secure"} []
[2019-01-31 13:40:46] myapp.INFO: Matched route "GET_dashboard". {"route_parameters":{"_controller":"[object] (Closure: {})","_route":"GET_dashboard"},"request_uri":"http://bio-prete.c9users.io/dashboard"} []
[2019-01-31 13:40:46] myapp.DEBUG: Read existing security token from the session. {"key":"_security_secure"} []
[2019-01-31 13:40:46] myapp.DEBUG: User was reloaded from a user provider. {"username":"invitado@visualgenoma.com","provider":"UserProvider"} []
[2019-01-31 13:40:46] myapp.INFO: > GET /dashboard [] []
[2019-01-31 13:40:46] myapp.INFO: < 200 [] []
[2019-01-31 13:40:46] myapp.DEBUG: Stored the security token in the session. {"key":"_security_secure"} []
[2019-01-31 13:40:46] myapp.INFO: Matched route "GET_user_profile_avatar". {"route_parameters":{"_controller":"[object] (Closure: {})","_route":"GET_user_profile_avatar"},"request_uri":"http://bio-prete.c9users.io/user/profile/avatar?t=1548942046"} []
[2019-01-31 13:40:46] myapp.DEBUG: Read existing security token from the session. {"key":"_security_secure"} []
[2019-01-31 13:40:46] myapp.DEBUG: User was reloaded from a user provider. {"username":"invitado@visualgenoma.com","provider":"UserProvider"} []
[2019-01-31 13:40:46] myapp.INFO: > GET /user/profile/avatar?t=1548942046 [] []
[2019-01-31 13:40:46] myapp.INFO: < 200 [] []
[2019-01-31 13:40:46] myapp.DEBUG: Stored the security token in the session. {"key":"_security_secure"} []
